[0.019s] Invoking command in '/home/johan/ros2_cv/build/turtle': CMAKE_PREFIX_PATH=${CMAKE_PREFIX_PATH}:/opt/ros/foxy /usr/bin/cmake --build /home/johan/ros2_cv/build/turtle -- -j16 -l16
[0.059s] [100%] Built target turtle_publisher
[0.067s] Invoked command in '/home/johan/ros2_cv/build/turtle' returned '0': CMAKE_PREFIX_PATH=${CMAKE_PREFIX_PATH}:/opt/ros/foxy /usr/bin/cmake --build /home/johan/ros2_cv/build/turtle -- -j16 -l16
[0.093s] Invoking command in '/home/johan/ros2_cv/build/turtle': CMAKE_PREFIX_PATH=${CMAKE_PREFIX_PATH}:/opt/ros/foxy /usr/bin/cmake --install /home/johan/ros2_cv/build/turtle
[0.100s] -- Install configuration: ""
[0.100s] -- Up-to-date: /home/johan/ros2_cv/install/turtle/lib/turtle/turtle_publisher
[0.101s] -- Up-to-date: /home/johan/ros2_cv/install/turtle/share/ament_index/resource_index/package_run_dependencies/turtle
[0.101s] -- Up-to-date: /home/johan/ros2_cv/install/turtle/share/ament_index/resource_index/parent_prefix_path/turtle
[0.101s] -- Up-to-date: /home/johan/ros2_cv/install/turtle/share/turtle/environment/ament_prefix_path.sh
[0.101s] -- Up-to-date: /home/johan/ros2_cv/install/turtle/share/turtle/environment/ament_prefix_path.dsv
[0.102s] -- Up-to-date: /home/johan/ros2_cv/install/turtle/share/turtle/environment/path.sh
[0.102s] -- Up-to-date: /home/johan/ros2_cv/install/turtle/share/turtle/environment/path.dsv
[0.102s] -- Up-to-date: /home/johan/ros2_cv/install/turtle/share/turtle/local_setup.bash
[0.102s] -- Up-to-date: /home/johan/ros2_cv/install/turtle/share/turtle/local_setup.sh
[0.103s] -- Up-to-date: /home/johan/ros2_cv/install/turtle/share/turtle/local_setup.zsh
[0.103s] -- Up-to-date: /home/johan/ros2_cv/install/turtle/share/turtle/local_setup.dsv
[0.104s] -- Installing: /home/johan/ros2_cv/install/turtle/share/turtle/package.dsv
[0.104s] -- Up-to-date: /home/johan/ros2_cv/install/turtle/share/ament_index/resource_index/packages/turtle
[0.104s] -- Up-to-date: /home/johan/ros2_cv/install/turtle/share/turtle/cmake/turtleConfig.cmake
[0.104s] -- Up-to-date: /home/johan/ros2_cv/install/turtle/share/turtle/cmake/turtleConfig-version.cmake
[0.105s] -- Up-to-date: /home/johan/ros2_cv/install/turtle/share/turtle/package.xml
[0.115s] Invoked command in '/home/johan/ros2_cv/build/turtle' returned '0': CMAKE_PREFIX_PATH=${CMAKE_PREFIX_PATH}:/opt/ros/foxy /usr/bin/cmake --install /home/johan/ros2_cv/build/turtle
