[0.018s] Invoking command in '/home/johan/ros2_cv/build/turtle': CMAKE_PREFIX_PATH=/opt/ros/foxy /usr/bin/cmake --build /home/johan/ros2_cv/build/turtle -- -j16 -l16
[0.058s] [100%] Built target turtle_publisher
[0.064s] Invoked command in '/home/johan/ros2_cv/build/turtle' returned '0': CMAKE_PREFIX_PATH=/opt/ros/foxy /usr/bin/cmake --build /home/johan/ros2_cv/build/turtle -- -j16 -l16
[0.085s] Invoking command in '/home/johan/ros2_cv/build/turtle': CMAKE_PREFIX_PATH=/opt/ros/foxy /usr/bin/cmake --install /home/johan/ros2_cv/build/turtle
[0.092s] -- Install configuration: ""
[0.092s] -- Up-to-date: /home/johan/ros2_cv/install/turtle/lib/turtle/turtle_publisher
[0.092s] -- Up-to-date: /home/johan/ros2_cv/install/turtle/share/ament_index/resource_index/package_run_dependencies/turtle
[0.093s] -- Up-to-date: /home/johan/ros2_cv/install/turtle/share/ament_index/resource_index/parent_prefix_path/turtle
[0.093s] -- Up-to-date: /home/johan/ros2_cv/install/turtle/share/turtle/environment/ament_prefix_path.sh
[0.093s] -- Up-to-date: /home/johan/ros2_cv/install/turtle/share/turtle/environment/ament_prefix_path.dsv
[0.094s] -- Up-to-date: /home/johan/ros2_cv/install/turtle/share/turtle/environment/path.sh
[0.094s] -- Up-to-date: /home/johan/ros2_cv/install/turtle/share/turtle/environment/path.dsv
[0.094s] -- Up-to-date: /home/johan/ros2_cv/install/turtle/share/turtle/local_setup.bash
[0.095s] -- Up-to-date: /home/johan/ros2_cv/install/turtle/share/turtle/local_setup.sh
[0.095s] -- Up-to-date: /home/johan/ros2_cv/install/turtle/share/turtle/local_setup.zsh
[0.095s] -- Up-to-date: /home/johan/ros2_cv/install/turtle/share/turtle/local_setup.dsv
[0.095s] -- Installing: /home/johan/ros2_cv/install/turtle/share/turtle/package.dsv
[0.095s] -- Up-to-date: /home/johan/ros2_cv/install/turtle/share/ament_index/resource_index/packages/turtle
[0.095s] -- Up-to-date: /home/johan/ros2_cv/install/turtle/share/turtle/cmake/turtleConfig.cmake
[0.095s] -- Up-to-date: /home/johan/ros2_cv/install/turtle/share/turtle/cmake/turtleConfig-version.cmake
[0.095s] -- Up-to-date: /home/johan/ros2_cv/install/turtle/share/turtle/package.xml
[0.105s] Invoked command in '/home/johan/ros2_cv/build/turtle' returned '0': CMAKE_PREFIX_PATH=/opt/ros/foxy /usr/bin/cmake --install /home/johan/ros2_cv/build/turtle
