[0.014s] Invoking command in '/home/johan/ros2_cv/build/ros2_cv_pkg': CMAKE_PREFIX_PATH=/opt/ros/foxy /usr/bin/cmake --build /home/johan/ros2_cv/build/ros2_cv_pkg -- -j16 -l16
[0.057s] [100%] Built target cv_publisher
[0.057s] [ 75%] Built target cv_subscription
[0.064s] Invoked command in '/home/johan/ros2_cv/build/ros2_cv_pkg' returned '0': CMAKE_PREFIX_PATH=/opt/ros/foxy /usr/bin/cmake --build /home/johan/ros2_cv/build/ros2_cv_pkg -- -j16 -l16
[0.090s] Invoking command in '/home/johan/ros2_cv/build/ros2_cv_pkg': CMAKE_PREFIX_PATH=/opt/ros/foxy /usr/bin/cmake --install /home/johan/ros2_cv/build/ros2_cv_pkg
[0.096s] -- Install configuration: ""
[0.097s] -- Up-to-date: /home/johan/ros2_cv/install/ros2_cv_pkg/lib/ros2_cv_pkg/cv_subscription
[0.097s] -- Up-to-date: /home/johan/ros2_cv/install/ros2_cv_pkg/lib/ros2_cv_pkg/cv_publisher
[0.097s] -- Up-to-date: /home/johan/ros2_cv/install/ros2_cv_pkg/share/ament_index/resource_index/package_run_dependencies/ros2_cv_pkg
[0.097s] -- Up-to-date: /home/johan/ros2_cv/install/ros2_cv_pkg/share/ament_index/resource_index/parent_prefix_path/ros2_cv_pkg
[0.097s] -- Up-to-date: /home/johan/ros2_cv/install/ros2_cv_pkg/share/ros2_cv_pkg/environment/ament_prefix_path.sh
[0.097s] -- Up-to-date: /home/johan/ros2_cv/install/ros2_cv_pkg/share/ros2_cv_pkg/environment/ament_prefix_path.dsv
[0.097s] -- Up-to-date: /home/johan/ros2_cv/install/ros2_cv_pkg/share/ros2_cv_pkg/environment/path.sh
[0.097s] -- Up-to-date: /home/johan/ros2_cv/install/ros2_cv_pkg/share/ros2_cv_pkg/environment/path.dsv
[0.097s] -- Up-to-date: /home/johan/ros2_cv/install/ros2_cv_pkg/share/ros2_cv_pkg/local_setup.bash
[0.097s] -- Up-to-date: /home/johan/ros2_cv/install/ros2_cv_pkg/share/ros2_cv_pkg/local_setup.sh
[0.098s] -- Up-to-date: /home/johan/ros2_cv/install/ros2_cv_pkg/share/ros2_cv_pkg/local_setup.zsh
[0.098s] -- Up-to-date: /home/johan/ros2_cv/install/ros2_cv_pkg/share/ros2_cv_pkg/local_setup.dsv
[0.099s] -- Installing: /home/johan/ros2_cv/install/ros2_cv_pkg/share/ros2_cv_pkg/package.dsv
[0.100s] -- Up-to-date: /home/johan/ros2_cv/install/ros2_cv_pkg/share/ament_index/resource_index/packages/ros2_cv_pkg
[0.100s] -- Up-to-date: /home/johan/ros2_cv/install/ros2_cv_pkg/share/ros2_cv_pkg/cmake/ros2_cv_pkgConfig.cmake
[0.100s] -- Up-to-date: /home/johan/ros2_cv/install/ros2_cv_pkg/share/ros2_cv_pkg/cmake/ros2_cv_pkgConfig-version.cmake
[0.101s] -- Up-to-date: /home/johan/ros2_cv/install/ros2_cv_pkg/share/ros2_cv_pkg/package.xml
[0.101s] Invoked command in '/home/johan/ros2_cv/build/ros2_cv_pkg' returned '0': CMAKE_PREFIX_PATH=/opt/ros/foxy /usr/bin/cmake --install /home/johan/ros2_cv/build/ros2_cv_pkg
