[0.010s] Invoking command in '/home/johan/ros2_cv/build/ros2_cv_pkg': CMAKE_PREFIX_PATH=${CMAKE_PREFIX_PATH}:/opt/ros/foxy /usr/bin/cmake --build /home/johan/ros2_cv/build/ros2_cv_pkg -- -j16 -l16
[0.041s] [35m[1mScanning dependencies of target cv_publisher[0m
[0.055s] [ 50%] Built target cv_subscription
[0.061s] [ 75%] [32mBuilding CXX object CMakeFiles/cv_publisher.dir/src/cv_publisher.cpp.o[0m
[2.618s] [100%] [32m[1mLinking CXX executable cv_publisher[0m
[3.025s] [100%] Built target cv_publisher
[3.035s] Invoked command in '/home/johan/ros2_cv/build/ros2_cv_pkg' returned '0': CMAKE_PREFIX_PATH=${CMAKE_PREFIX_PATH}:/opt/ros/foxy /usr/bin/cmake --build /home/johan/ros2_cv/build/ros2_cv_pkg -- -j16 -l16
[3.080s] Invoking command in '/home/johan/ros2_cv/build/ros2_cv_pkg': CMAKE_PREFIX_PATH=${CMAKE_PREFIX_PATH}:/opt/ros/foxy /usr/bin/cmake --install /home/johan/ros2_cv/build/ros2_cv_pkg
[3.090s] -- Install configuration: ""
[3.090s] -- Up-to-date: /home/johan/ros2_cv/install/ros2_cv_pkg/lib/ros2_cv_pkg/cv_subscription
[3.090s] -- Installing: /home/johan/ros2_cv/install/ros2_cv_pkg/lib/ros2_cv_pkg/cv_publisher
[3.091s] -- Set runtime path of "/home/johan/ros2_cv/install/ros2_cv_pkg/lib/ros2_cv_pkg/cv_publisher" to ""
[3.091s] -- Up-to-date: /home/johan/ros2_cv/install/ros2_cv_pkg/share/ament_index/resource_index/package_run_dependencies/ros2_cv_pkg
[3.091s] -- Up-to-date: /home/johan/ros2_cv/install/ros2_cv_pkg/share/ament_index/resource_index/parent_prefix_path/ros2_cv_pkg
[3.091s] -- Up-to-date: /home/johan/ros2_cv/install/ros2_cv_pkg/share/ros2_cv_pkg/environment/ament_prefix_path.sh
[3.091s] -- Up-to-date: /home/johan/ros2_cv/install/ros2_cv_pkg/share/ros2_cv_pkg/environment/ament_prefix_path.dsv
[3.091s] -- Up-to-date: /home/johan/ros2_cv/install/ros2_cv_pkg/share/ros2_cv_pkg/environment/path.sh
[3.091s] -- Up-to-date: /home/johan/ros2_cv/install/ros2_cv_pkg/share/ros2_cv_pkg/environment/path.dsv
[3.091s] -- Up-to-date: /home/johan/ros2_cv/install/ros2_cv_pkg/share/ros2_cv_pkg/local_setup.bash
[3.091s] -- Up-to-date: /home/johan/ros2_cv/install/ros2_cv_pkg/share/ros2_cv_pkg/local_setup.sh
[3.091s] -- Up-to-date: /home/johan/ros2_cv/install/ros2_cv_pkg/share/ros2_cv_pkg/local_setup.zsh
[3.092s] -- Up-to-date: /home/johan/ros2_cv/install/ros2_cv_pkg/share/ros2_cv_pkg/local_setup.dsv
[3.092s] -- Installing: /home/johan/ros2_cv/install/ros2_cv_pkg/share/ros2_cv_pkg/package.dsv
[3.092s] -- Up-to-date: /home/johan/ros2_cv/install/ros2_cv_pkg/share/ament_index/resource_index/packages/ros2_cv_pkg
[3.092s] -- Up-to-date: /home/johan/ros2_cv/install/ros2_cv_pkg/share/ros2_cv_pkg/cmake/ros2_cv_pkgConfig.cmake
[3.092s] -- Up-to-date: /home/johan/ros2_cv/install/ros2_cv_pkg/share/ros2_cv_pkg/cmake/ros2_cv_pkgConfig-version.cmake
[3.092s] -- Up-to-date: /home/johan/ros2_cv/install/ros2_cv_pkg/share/ros2_cv_pkg/package.xml
[3.094s] Invoked command in '/home/johan/ros2_cv/build/ros2_cv_pkg' returned '0': CMAKE_PREFIX_PATH=${CMAKE_PREFIX_PATH}:/opt/ros/foxy /usr/bin/cmake --install /home/johan/ros2_cv/build/ros2_cv_pkg
