[0.172s] DEBUG:colcon:Command line arguments: ['/usr/bin/colcon', 'build']
[0.172s] DEBUG:colcon:Parsed command line arguments: Namespace(allow_overriding=[], ament_cmake_args=None, base_paths=['.'], build_base='build', catkin_cmake_args=None, catkin_skip_building_tests=False, cmake_args=None, cmake_clean_cache=False, cmake_clean_first=False, cmake_force_configure=False, cmake_target=None, cmake_target_skip_unavailable=False, continue_on_error=False, event_handlers=None, executor='parallel', ignore_user_meta=False, install_base='install', log_base=None, log_level=None, main=<bound method BuildVerb.main of <colcon_core.verb.build.BuildVerb object at 0x7ff23fb74790>>, merge_install=False, metas=['./colcon.meta'], packages_above=None, packages_above_and_dependencies=None, packages_above_depth=None, packages_end=None, packages_ignore=None, packages_ignore_regex=None, packages_select=None, packages_select_build_failed=False, packages_select_by_dep=None, packages_select_regex=None, packages_select_test_failures=False, packages_skip=None, packages_skip_build_finished=False, packages_skip_by_dep=None, packages_skip_regex=None, packages_skip_test_passed=False, packages_skip_up_to=None, packages_start=None, packages_up_to=None, packages_up_to_regex=None, parallel_workers=16, paths=None, symlink_install=False, test_result_base=None, verb_extension=<colcon_core.verb.build.BuildVerb object at 0x7ff23fb74790>, verb_name='build', verb_parser=<colcon_defaults.argument_parser.defaults.DefaultArgumentsDecorator object at 0x7ff23fb74d00>)
[0.188s] Level 1:colcon.colcon_core.package_discovery:discover_packages(colcon_meta) check parameters
[0.188s] Level 1:colcon.colcon_core.package_discovery:discover_packages(recursive) check parameters
[0.188s] Level 1:colcon.colcon_core.package_discovery:discover_packages(ignore) check parameters
[0.188s] Level 1:colcon.colcon_core.package_discovery:discover_packages(path) check parameters
[0.188s] Level 1:colcon.colcon_core.package_discovery:discover_packages(colcon_meta) discover
[0.188s] Level 1:colcon.colcon_core.package_discovery:discover_packages(recursive) discover
[0.188s] INFO:colcon.colcon_core.package_discovery:Crawling recursively for packages in '/home/johan/ros2_cv'
[0.188s] Level 1:colcon.colcon_core.package_identification:_identify(.) by extensions ['ignore', 'ignore_ament_install']
[0.188s] Level 1:colcon.colcon_core.package_identification:_identify(.) by extension 'ignore'
[0.188s] Level 1:colcon.colcon_core.package_identification:_identify(.) by extension 'ignore_ament_install'
[0.188s] Level 1:colcon.colcon_core.package_identification:_identify(.) by extensions ['colcon_pkg']
[0.188s] Level 1:colcon.colcon_core.package_identification:_identify(.) by extension 'colcon_pkg'
[0.188s] Level 1:colcon.colcon_core.package_identification:_identify(.) by extensions ['colcon_meta']
[0.188s] Level 1:colcon.colcon_core.package_identification:_identify(.) by extension 'colcon_meta'
[0.188s] Level 1:colcon.colcon_core.package_identification:_identify(.) by extensions ['ros']
[0.188s] Level 1:colcon.colcon_core.package_identification:_identify(.) by extension 'ros'
[0.201s] Level 1:colcon.colcon_core.package_identification:_identify(.) by extensions ['cmake', 'python']
[0.201s] Level 1:colcon.colcon_core.package_identification:_identify(.) by extension 'cmake'
[0.201s] Level 1:colcon.colcon_core.package_identification:_identify(.) by extension 'python'
[0.201s] Level 1:colcon.colcon_core.package_identification:_identify(.) by extensions ['python_setup_py']
[0.201s] Level 1:colcon.colcon_core.package_identification:_identify(.) by extension 'python_setup_py'
[0.201s] Level 1:colcon.colcon_core.package_identification:_identify(build) by extensions ['ignore', 'ignore_ament_install']
[0.201s] Level 1:colcon.colcon_core.package_identification:_identify(build) by extension 'ignore'
[0.201s] Level 1:colcon.colcon_core.package_identification:_identify(build) ignored
[0.201s] Level 1:colcon.colcon_core.package_identification:_identify(install) by extensions ['ignore', 'ignore_ament_install']
[0.201s] Level 1:colcon.colcon_core.package_identification:_identify(install) by extension 'ignore'
[0.201s] Level 1:colcon.colcon_core.package_identification:_identify(install) ignored
[0.201s] Level 1:colcon.colcon_core.package_identification:_identify(log) by extensions ['ignore', 'ignore_ament_install']
[0.201s] Level 1:colcon.colcon_core.package_identification:_identify(log) by extension 'ignore'
[0.201s] Level 1:colcon.colcon_core.package_identification:_identify(log) ignored
[0.201s] Level 1:colcon.colcon_core.package_identification:_identify(src) by extensions ['ignore', 'ignore_ament_install']
[0.201s] Level 1:colcon.colcon_core.package_identification:_identify(src) by extension 'ignore'
[0.201s] Level 1:colcon.colcon_core.package_identification:_identify(src) by extension 'ignore_ament_install'
[0.201s] Level 1:colcon.colcon_core.package_identification:_identify(src) by extensions ['colcon_pkg']
[0.201s] Level 1:colcon.colcon_core.package_identification:_identify(src) by extension 'colcon_pkg'
[0.201s] Level 1:colcon.colcon_core.package_identification:_identify(src) by extensions ['colcon_meta']
[0.201s] Level 1:colcon.colcon_core.package_identification:_identify(src) by extension 'colcon_meta'
[0.201s] Level 1:colcon.colcon_core.package_identification:_identify(src) by extensions ['ros']
[0.201s] Level 1:colcon.colcon_core.package_identification:_identify(src) by extension 'ros'
[0.201s] Level 1:colcon.colcon_core.package_identification:_identify(src) by extensions ['cmake', 'python']
[0.201s] Level 1:colcon.colcon_core.package_identification:_identify(src) by extension 'cmake'
[0.201s] Level 1:colcon.colcon_core.package_identification:_identify(src) by extension 'python'
[0.202s] Level 1:colcon.colcon_core.package_identification:_identify(src) by extensions ['python_setup_py']
[0.202s] Level 1:colcon.colcon_core.package_identification:_identify(src) by extension 'python_setup_py'
[0.202s] Level 1:colcon.colcon_core.package_identification:_identify(src/ros2_cv_pkg) by extensions ['ignore', 'ignore_ament_install']
[0.202s] Level 1:colcon.colcon_core.package_identification:_identify(src/ros2_cv_pkg) by extension 'ignore'
[0.202s] Level 1:colcon.colcon_core.package_identification:_identify(src/ros2_cv_pkg) by extension 'ignore_ament_install'
[0.202s] Level 1:colcon.colcon_core.package_identification:_identify(src/ros2_cv_pkg) by extensions ['colcon_pkg']
[0.202s] Level 1:colcon.colcon_core.package_identification:_identify(src/ros2_cv_pkg) by extension 'colcon_pkg'
[0.202s] Level 1:colcon.colcon_core.package_identification:_identify(src/ros2_cv_pkg) by extensions ['colcon_meta']
[0.202s] Level 1:colcon.colcon_core.package_identification:_identify(src/ros2_cv_pkg) by extension 'colcon_meta'
[0.202s] Level 1:colcon.colcon_core.package_identification:_identify(src/ros2_cv_pkg) by extensions ['ros']
[0.202s] Level 1:colcon.colcon_core.package_identification:_identify(src/ros2_cv_pkg) by extension 'ros'
[0.204s] DEBUG:colcon.colcon_core.package_identification:Package 'src/ros2_cv_pkg' with type 'ros.ament_cmake' and name 'ros2_cv_pkg'
[0.204s] Level 1:colcon.colcon_core.package_identification:_identify(src/turtle) by extensions ['ignore', 'ignore_ament_install']
[0.204s] Level 1:colcon.colcon_core.package_identification:_identify(src/turtle) by extension 'ignore'
[0.204s] Level 1:colcon.colcon_core.package_identification:_identify(src/turtle) by extension 'ignore_ament_install'
[0.204s] Level 1:colcon.colcon_core.package_identification:_identify(src/turtle) by extensions ['colcon_pkg']
[0.204s] Level 1:colcon.colcon_core.package_identification:_identify(src/turtle) by extension 'colcon_pkg'
[0.204s] Level 1:colcon.colcon_core.package_identification:_identify(src/turtle) by extensions ['colcon_meta']
[0.204s] Level 1:colcon.colcon_core.package_identification:_identify(src/turtle) by extension 'colcon_meta'
[0.204s] Level 1:colcon.colcon_core.package_identification:_identify(src/turtle) by extensions ['ros']
[0.204s] Level 1:colcon.colcon_core.package_identification:_identify(src/turtle) by extension 'ros'
[0.204s] DEBUG:colcon.colcon_core.package_identification:Package 'src/turtle' with type 'ros.ament_cmake' and name 'turtle'
[0.204s] Level 1:colcon.colcon_core.package_discovery:discover_packages(recursive) using defaults
[0.204s] Level 1:colcon.colcon_core.package_discovery:discover_packages(ignore) discover
[0.204s] Level 1:colcon.colcon_core.package_discovery:discover_packages(ignore) using defaults
[0.204s] Level 1:colcon.colcon_core.package_discovery:discover_packages(path) discover
[0.204s] Level 1:colcon.colcon_core.package_discovery:discover_packages(path) using defaults
[0.217s] Level 1:colcon.colcon_core.package_discovery:discover_packages(prefix_path) check parameters
[0.217s] Level 1:colcon.colcon_core.package_discovery:discover_packages(prefix_path) discover
[0.219s] DEBUG:colcon.colcon_installed_package_information.package_discovery:Found 374 installed packages in /opt/ros/foxy
[0.220s] Level 1:colcon.colcon_core.package_discovery:discover_packages(prefix_path) using defaults
[0.263s] Level 5:colcon.colcon_core.verb:set package 'ros2_cv_pkg' build argument 'cmake_args' from command line to 'None'
[0.263s] Level 5:colcon.colcon_core.verb:set package 'ros2_cv_pkg' build argument 'cmake_target' from command line to 'None'
[0.263s] Level 5:colcon.colcon_core.verb:set package 'ros2_cv_pkg' build argument 'cmake_target_skip_unavailable' from command line to 'False'
[0.263s] Level 5:colcon.colcon_core.verb:set package 'ros2_cv_pkg' build argument 'cmake_clean_cache' from command line to 'False'
[0.263s] Level 5:colcon.colcon_core.verb:set package 'ros2_cv_pkg' build argument 'cmake_clean_first' from command line to 'False'
[0.263s] Level 5:colcon.colcon_core.verb:set package 'ros2_cv_pkg' build argument 'cmake_force_configure' from command line to 'False'
[0.263s] Level 5:colcon.colcon_core.verb:set package 'ros2_cv_pkg' build argument 'ament_cmake_args' from command line to 'None'
[0.263s] Level 5:colcon.colcon_core.verb:set package 'ros2_cv_pkg' build argument 'catkin_cmake_args' from command line to 'None'
[0.263s] Level 5:colcon.colcon_core.verb:set package 'ros2_cv_pkg' build argument 'catkin_skip_building_tests' from command line to 'False'
[0.263s] DEBUG:colcon.colcon_core.verb:Building package 'ros2_cv_pkg' with the following arguments: {'ament_cmake_args': None, 'build_base': '/home/johan/ros2_cv/build/ros2_cv_pkg', 'catkin_cmake_args': None, 'catkin_skip_building_tests': False, 'cmake_args': None, 'cmake_clean_cache': False, 'cmake_clean_first': False, 'cmake_force_configure': False, 'cmake_target': None, 'cmake_target_skip_unavailable': False, 'install_base': '/home/johan/ros2_cv/install/ros2_cv_pkg', 'merge_install': False, 'path': '/home/johan/ros2_cv/src/ros2_cv_pkg', 'symlink_install': False, 'test_result_base': None}
[0.264s] Level 5:colcon.colcon_core.verb:set package 'turtle' build argument 'cmake_args' from command line to 'None'
[0.264s] Level 5:colcon.colcon_core.verb:set package 'turtle' build argument 'cmake_target' from command line to 'None'
[0.264s] Level 5:colcon.colcon_core.verb:set package 'turtle' build argument 'cmake_target_skip_unavailable' from command line to 'False'
[0.264s] Level 5:colcon.colcon_core.verb:set package 'turtle' build argument 'cmake_clean_cache' from command line to 'False'
[0.264s] Level 5:colcon.colcon_core.verb:set package 'turtle' build argument 'cmake_clean_first' from command line to 'False'
[0.264s] Level 5:colcon.colcon_core.verb:set package 'turtle' build argument 'cmake_force_configure' from command line to 'False'
[0.264s] Level 5:colcon.colcon_core.verb:set package 'turtle' build argument 'ament_cmake_args' from command line to 'None'
[0.264s] Level 5:colcon.colcon_core.verb:set package 'turtle' build argument 'catkin_cmake_args' from command line to 'None'
[0.264s] Level 5:colcon.colcon_core.verb:set package 'turtle' build argument 'catkin_skip_building_tests' from command line to 'False'
[0.264s] DEBUG:colcon.colcon_core.verb:Building package 'turtle' with the following arguments: {'ament_cmake_args': None, 'build_base': '/home/johan/ros2_cv/build/turtle', 'catkin_cmake_args': None, 'catkin_skip_building_tests': False, 'cmake_args': None, 'cmake_clean_cache': False, 'cmake_clean_first': False, 'cmake_force_configure': False, 'cmake_target': None, 'cmake_target_skip_unavailable': False, 'install_base': '/home/johan/ros2_cv/install/turtle', 'merge_install': False, 'path': '/home/johan/ros2_cv/src/turtle', 'symlink_install': False, 'test_result_base': None}
[0.265s] INFO:colcon.colcon_core.executor:Executing jobs using 'parallel' executor
[0.267s] DEBUG:colcon.colcon_parallel_executor.executor.parallel:run_until_complete
[0.267s] INFO:colcon.colcon_ros.task.ament_cmake.build:Building ROS package in '/home/johan/ros2_cv/src/ros2_cv_pkg' with build type 'ament_cmake'
[0.267s] INFO:colcon.colcon_cmake.task.cmake.build:Building CMake package in '/home/johan/ros2_cv/src/ros2_cv_pkg'
[0.270s] INFO:colcon.colcon_core.plugin_system:Skipping extension 'colcon_core.shell.bat': Not used on non-Windows systems
[0.270s] INFO:colcon.colcon_core.shell:Skip shell extension 'powershell' for command environment: Not usable outside of PowerShell
[0.270s] DEBUG:colcon.colcon_core.shell:Skip shell extension 'dsv' for command environment
[0.273s] INFO:colcon.colcon_ros.task.ament_cmake.build:Building ROS package in '/home/johan/ros2_cv/src/turtle' with build type 'ament_cmake'
[0.273s] INFO:colcon.colcon_cmake.task.cmake.build:Building CMake package in '/home/johan/ros2_cv/src/turtle'
[0.274s] INFO:colcon.colcon_core.shell:Skip shell extension 'powershell' for command environment: Not usable outside of PowerShell
[0.274s] DEBUG:colcon.colcon_core.shell:Skip shell extension 'dsv' for command environment
[0.282s] DEBUG:colcon.colcon_core.event_handler.log_command:Invoking command in '/home/johan/ros2_cv/build/ros2_cv_pkg': CMAKE_PREFIX_PATH=/opt/ros/foxy /usr/bin/cmake --build /home/johan/ros2_cv/build/ros2_cv_pkg -- -j16 -l16
[0.284s] DEBUG:colcon.colcon_core.event_handler.log_command:Invoking command in '/home/johan/ros2_cv/build/turtle': CMAKE_PREFIX_PATH=/opt/ros/foxy /usr/bin/cmake --build /home/johan/ros2_cv/build/turtle -- -j16 -l16
[0.331s] DEBUG:colcon.colcon_core.event_handler.log_command:Invoked command in '/home/johan/ros2_cv/build/ros2_cv_pkg' returned '0': CMAKE_PREFIX_PATH=/opt/ros/foxy /usr/bin/cmake --build /home/johan/ros2_cv/build/ros2_cv_pkg -- -j16 -l16
[0.357s] DEBUG:colcon.colcon_core.event_handler.log_command:Invoking command in '/home/johan/ros2_cv/build/ros2_cv_pkg': CMAKE_PREFIX_PATH=/opt/ros/foxy /usr/bin/cmake --install /home/johan/ros2_cv/build/ros2_cv_pkg
[0.365s] Level 1:colcon.colcon_core.environment:create_environment_scripts_only(ros2_cv_pkg)
[0.365s] DEBUG:colcon.colcon_core.event_handler.log_command:Invoked command in '/home/johan/ros2_cv/build/ros2_cv_pkg' returned '0': CMAKE_PREFIX_PATH=/opt/ros/foxy /usr/bin/cmake --install /home/johan/ros2_cv/build/ros2_cv_pkg
[0.369s] Level 1:colcon.colcon_core.environment:checking '/home/johan/ros2_cv/install/ros2_cv_pkg' for CMake module files
[0.369s] Level 1:colcon.colcon_core.environment:checking '/home/johan/ros2_cv/install/ros2_cv_pkg' for CMake config files
[0.370s] Level 1:colcon.colcon_core.shell:create_environment_hook('ros2_cv_pkg', 'cmake_prefix_path')
[0.370s] INFO:colcon.colcon_core.shell:Creating environment hook '/home/johan/ros2_cv/install/ros2_cv_pkg/share/ros2_cv_pkg/hook/cmake_prefix_path.ps1'
[0.371s] INFO:colcon.colcon_core.shell:Creating environment descriptor '/home/johan/ros2_cv/install/ros2_cv_pkg/share/ros2_cv_pkg/hook/cmake_prefix_path.dsv'
[0.371s] INFO:colcon.colcon_core.shell:Creating environment hook '/home/johan/ros2_cv/install/ros2_cv_pkg/share/ros2_cv_pkg/hook/cmake_prefix_path.sh'
[0.372s] Level 1:colcon.colcon_core.environment:checking '/home/johan/ros2_cv/install/ros2_cv_pkg/lib'
[0.372s] Level 1:colcon.colcon_core.environment:checking '/home/johan/ros2_cv/install/ros2_cv_pkg/bin'
[0.372s] Level 1:colcon.colcon_core.environment:checking '/home/johan/ros2_cv/install/ros2_cv_pkg/lib/pkgconfig/ros2_cv_pkg.pc'
[0.372s] Level 1:colcon.colcon_core.environment:checking '/home/johan/ros2_cv/install/ros2_cv_pkg/lib/python3.8/site-packages'
[0.372s] Level 1:colcon.colcon_core.environment:checking '/home/johan/ros2_cv/install/ros2_cv_pkg/bin'
[0.373s] INFO:colcon.colcon_core.shell:Creating package script '/home/johan/ros2_cv/install/ros2_cv_pkg/share/ros2_cv_pkg/package.ps1'
[0.374s] INFO:colcon.colcon_core.shell:Creating package descriptor '/home/johan/ros2_cv/install/ros2_cv_pkg/share/ros2_cv_pkg/package.dsv'
[0.374s] INFO:colcon.colcon_core.shell:Creating package script '/home/johan/ros2_cv/install/ros2_cv_pkg/share/ros2_cv_pkg/package.sh'
[0.374s] INFO:colcon.colcon_core.shell:Creating package script '/home/johan/ros2_cv/install/ros2_cv_pkg/share/ros2_cv_pkg/package.bash'
[0.375s] INFO:colcon.colcon_core.shell:Creating package script '/home/johan/ros2_cv/install/ros2_cv_pkg/share/ros2_cv_pkg/package.zsh'
[0.375s] Level 1:colcon.colcon_core.environment:create_file_with_runtime_dependencies(/home/johan/ros2_cv/install/ros2_cv_pkg/share/colcon-core/packages/ros2_cv_pkg)
[0.393s] Level 1:colcon.colcon_core.environment:create_environment_scripts_only(ros2_cv_pkg)
[0.394s] Level 1:colcon.colcon_core.environment:checking '/home/johan/ros2_cv/install/ros2_cv_pkg' for CMake module files
[0.395s] Level 1:colcon.colcon_core.environment:checking '/home/johan/ros2_cv/install/ros2_cv_pkg' for CMake config files
[0.395s] Level 1:colcon.colcon_core.shell:create_environment_hook('ros2_cv_pkg', 'cmake_prefix_path')
[0.395s] INFO:colcon.colcon_core.shell:Creating environment hook '/home/johan/ros2_cv/install/ros2_cv_pkg/share/ros2_cv_pkg/hook/cmake_prefix_path.ps1'
[0.396s] INFO:colcon.colcon_core.shell:Creating environment descriptor '/home/johan/ros2_cv/install/ros2_cv_pkg/share/ros2_cv_pkg/hook/cmake_prefix_path.dsv'
[0.396s] INFO:colcon.colcon_core.shell:Creating environment hook '/home/johan/ros2_cv/install/ros2_cv_pkg/share/ros2_cv_pkg/hook/cmake_prefix_path.sh'
[0.396s] Level 1:colcon.colcon_core.environment:checking '/home/johan/ros2_cv/install/ros2_cv_pkg/lib'
[0.396s] Level 1:colcon.colcon_core.environment:checking '/home/johan/ros2_cv/install/ros2_cv_pkg/bin'
[0.396s] Level 1:colcon.colcon_core.environment:checking '/home/johan/ros2_cv/install/ros2_cv_pkg/lib/pkgconfig/ros2_cv_pkg.pc'
[0.397s] Level 1:colcon.colcon_core.environment:checking '/home/johan/ros2_cv/install/ros2_cv_pkg/lib/python3.8/site-packages'
[0.397s] Level 1:colcon.colcon_core.environment:checking '/home/johan/ros2_cv/install/ros2_cv_pkg/bin'
[0.397s] INFO:colcon.colcon_core.shell:Creating package script '/home/johan/ros2_cv/install/ros2_cv_pkg/share/ros2_cv_pkg/package.ps1'
[0.398s] INFO:colcon.colcon_core.shell:Creating package descriptor '/home/johan/ros2_cv/install/ros2_cv_pkg/share/ros2_cv_pkg/package.dsv'
[0.398s] INFO:colcon.colcon_core.shell:Creating package script '/home/johan/ros2_cv/install/ros2_cv_pkg/share/ros2_cv_pkg/package.sh'
[0.398s] INFO:colcon.colcon_core.shell:Creating package script '/home/johan/ros2_cv/install/ros2_cv_pkg/share/ros2_cv_pkg/package.bash'
[0.398s] INFO:colcon.colcon_core.shell:Creating package script '/home/johan/ros2_cv/install/ros2_cv_pkg/share/ros2_cv_pkg/package.zsh'
[0.399s] Level 1:colcon.colcon_core.environment:create_file_with_runtime_dependencies(/home/johan/ros2_cv/install/ros2_cv_pkg/share/colcon-core/packages/ros2_cv_pkg)
[2.098s] DEBUG:colcon.colcon_core.event_handler.log_command:Invoked command in '/home/johan/ros2_cv/build/turtle' returned '0': CMAKE_PREFIX_PATH=/opt/ros/foxy /usr/bin/cmake --build /home/johan/ros2_cv/build/turtle -- -j16 -l16
[2.115s] DEBUG:colcon.colcon_core.event_handler.log_command:Invoking command in '/home/johan/ros2_cv/build/turtle': CMAKE_PREFIX_PATH=/opt/ros/foxy /usr/bin/cmake --install /home/johan/ros2_cv/build/turtle
[2.124s] Level 1:colcon.colcon_core.environment:create_environment_scripts_only(turtle)
[2.125s] Level 1:colcon.colcon_core.environment:checking '/home/johan/ros2_cv/install/turtle' for CMake module files
[2.126s] DEBUG:colcon.colcon_core.event_handler.log_command:Invoked command in '/home/johan/ros2_cv/build/turtle' returned '0': CMAKE_PREFIX_PATH=/opt/ros/foxy /usr/bin/cmake --install /home/johan/ros2_cv/build/turtle
[2.126s] Level 1:colcon.colcon_core.environment:checking '/home/johan/ros2_cv/install/turtle' for CMake config files
[2.126s] Level 1:colcon.colcon_core.shell:create_environment_hook('turtle', 'cmake_prefix_path')
[2.127s] INFO:colcon.colcon_core.shell:Creating environment hook '/home/johan/ros2_cv/install/turtle/share/turtle/hook/cmake_prefix_path.ps1'
[2.127s] INFO:colcon.colcon_core.shell:Creating environment descriptor '/home/johan/ros2_cv/install/turtle/share/turtle/hook/cmake_prefix_path.dsv'
[2.127s] INFO:colcon.colcon_core.shell:Creating environment hook '/home/johan/ros2_cv/install/turtle/share/turtle/hook/cmake_prefix_path.sh'
[2.128s] Level 1:colcon.colcon_core.environment:checking '/home/johan/ros2_cv/install/turtle/lib'
[2.128s] Level 1:colcon.colcon_core.environment:checking '/home/johan/ros2_cv/install/turtle/bin'
[2.128s] Level 1:colcon.colcon_core.environment:checking '/home/johan/ros2_cv/install/turtle/lib/pkgconfig/turtle.pc'
[2.128s] Level 1:colcon.colcon_core.environment:checking '/home/johan/ros2_cv/install/turtle/lib/python3.8/site-packages'
[2.128s] Level 1:colcon.colcon_core.environment:checking '/home/johan/ros2_cv/install/turtle/bin'
[2.129s] INFO:colcon.colcon_core.shell:Creating package script '/home/johan/ros2_cv/install/turtle/share/turtle/package.ps1'
[2.129s] INFO:colcon.colcon_core.shell:Creating package descriptor '/home/johan/ros2_cv/install/turtle/share/turtle/package.dsv'
[2.129s] INFO:colcon.colcon_core.shell:Creating package script '/home/johan/ros2_cv/install/turtle/share/turtle/package.sh'
[2.129s] INFO:colcon.colcon_core.shell:Creating package script '/home/johan/ros2_cv/install/turtle/share/turtle/package.bash'
[2.130s] INFO:colcon.colcon_core.shell:Creating package script '/home/johan/ros2_cv/install/turtle/share/turtle/package.zsh'
[2.130s] Level 1:colcon.colcon_core.environment:create_file_with_runtime_dependencies(/home/johan/ros2_cv/install/turtle/share/colcon-core/packages/turtle)
[2.148s] Level 1:colcon.colcon_core.environment:create_environment_scripts_only(turtle)
[2.149s] Level 1:colcon.colcon_core.environment:checking '/home/johan/ros2_cv/install/turtle' for CMake module files
[2.149s] Level 1:colcon.colcon_core.environment:checking '/home/johan/ros2_cv/install/turtle' for CMake config files
[2.150s] Level 1:colcon.colcon_core.shell:create_environment_hook('turtle', 'cmake_prefix_path')
[2.150s] INFO:colcon.colcon_core.shell:Creating environment hook '/home/johan/ros2_cv/install/turtle/share/turtle/hook/cmake_prefix_path.ps1'
[2.151s] INFO:colcon.colcon_core.shell:Creating environment descriptor '/home/johan/ros2_cv/install/turtle/share/turtle/hook/cmake_prefix_path.dsv'
[2.151s] INFO:colcon.colcon_core.shell:Creating environment hook '/home/johan/ros2_cv/install/turtle/share/turtle/hook/cmake_prefix_path.sh'
[2.151s] Level 1:colcon.colcon_core.environment:checking '/home/johan/ros2_cv/install/turtle/lib'
[2.151s] Level 1:colcon.colcon_core.environment:checking '/home/johan/ros2_cv/install/turtle/bin'
[2.151s] Level 1:colcon.colcon_core.environment:checking '/home/johan/ros2_cv/install/turtle/lib/pkgconfig/turtle.pc'
[2.151s] Level 1:colcon.colcon_core.environment:checking '/home/johan/ros2_cv/install/turtle/lib/python3.8/site-packages'
[2.152s] Level 1:colcon.colcon_core.environment:checking '/home/johan/ros2_cv/install/turtle/bin'
[2.152s] INFO:colcon.colcon_core.shell:Creating package script '/home/johan/ros2_cv/install/turtle/share/turtle/package.ps1'
[2.153s] INFO:colcon.colcon_core.shell:Creating package descriptor '/home/johan/ros2_cv/install/turtle/share/turtle/package.dsv'
[2.153s] INFO:colcon.colcon_core.shell:Creating package script '/home/johan/ros2_cv/install/turtle/share/turtle/package.sh'
[2.153s] INFO:colcon.colcon_core.shell:Creating package script '/home/johan/ros2_cv/install/turtle/share/turtle/package.bash'
[2.153s] INFO:colcon.colcon_core.shell:Creating package script '/home/johan/ros2_cv/install/turtle/share/turtle/package.zsh'
[2.154s] Level 1:colcon.colcon_core.environment:create_file_with_runtime_dependencies(/home/johan/ros2_cv/install/turtle/share/colcon-core/packages/turtle)
[2.154s] DEBUG:colcon.colcon_parallel_executor.executor.parallel:closing loop
[2.154s] DEBUG:colcon.colcon_parallel_executor.executor.parallel:loop closed
[2.154s] DEBUG:colcon.colcon_parallel_executor.executor.parallel:run_until_complete finished with '0'
[2.154s] DEBUG:colcon.colcon_core.event_reactor:joining thread
[2.158s] INFO:colcon.colcon_core.plugin_system:Skipping extension 'colcon_notification.desktop_notification.terminal_notifier': Not used on non-Darwin systems
[2.158s] INFO:colcon.colcon_core.plugin_system:Skipping extension 'colcon_notification.desktop_notification.win32': Not used on non-Windows systems
[2.158s] INFO:colcon.colcon_notification.desktop_notification:Sending desktop notification using 'notify2'
[2.168s] DEBUG:colcon.colcon_core.event_reactor:joined thread
[2.170s] INFO:colcon.colcon_core.shell:Creating prefix script '/home/johan/ros2_cv/install/local_setup.ps1'
[2.172s] INFO:colcon.colcon_core.shell:Creating prefix util module '/home/johan/ros2_cv/install/_local_setup_util_ps1.py'
[2.173s] INFO:colcon.colcon_core.shell:Creating prefix chain script '/home/johan/ros2_cv/install/setup.ps1'
[2.174s] INFO:colcon.colcon_core.shell:Creating prefix script '/home/johan/ros2_cv/install/local_setup.sh'
[2.175s] INFO:colcon.colcon_core.shell:Creating prefix util module '/home/johan/ros2_cv/install/_local_setup_util_sh.py'
[2.176s] INFO:colcon.colcon_core.shell:Creating prefix chain script '/home/johan/ros2_cv/install/setup.sh'
[2.177s] INFO:colcon.colcon_core.shell:Creating prefix script '/home/johan/ros2_cv/install/local_setup.bash'
[2.177s] INFO:colcon.colcon_core.shell:Creating prefix chain script '/home/johan/ros2_cv/install/setup.bash'
[2.178s] INFO:colcon.colcon_core.shell:Creating prefix script '/home/johan/ros2_cv/install/local_setup.zsh'
[2.178s] INFO:colcon.colcon_core.shell:Creating prefix chain script '/home/johan/ros2_cv/install/setup.zsh'
