[0.010s] Invoking command in '/home/johan/ros2_cv/build/ros2_cv_pkg': CMAKE_PREFIX_PATH=${CMAKE_PREFIX_PATH}:/opt/ros/foxy /usr/bin/cmake --build /home/johan/ros2_cv/build/ros2_cv_pkg -- -j16 -l16
[0.046s] [35m[1mScanning dependencies of target cv_publisher[0m
[0.061s] [ 50%] Built target cv_subscription
[0.067s] [ 75%] [32mBuilding CXX object CMakeFiles/cv_publisher.dir/src/cv_publisher.cpp.o[0m
[1.899s] [100%] [32m[1mLinking CXX executable cv_publisher[0m
[2.154s] [100%] Built target cv_publisher
[2.166s] Invoked command in '/home/johan/ros2_cv/build/ros2_cv_pkg' returned '0': CMAKE_PREFIX_PATH=${CMAKE_PREFIX_PATH}:/opt/ros/foxy /usr/bin/cmake --build /home/johan/ros2_cv/build/ros2_cv_pkg -- -j16 -l16
[2.205s] Invoking command in '/home/johan/ros2_cv/build/ros2_cv_pkg': CMAKE_PREFIX_PATH=${CMAKE_PREFIX_PATH}:/opt/ros/foxy /usr/bin/cmake --install /home/johan/ros2_cv/build/ros2_cv_pkg
[2.217s] -- Install configuration: ""
[2.217s] -- Up-to-date: /home/johan/ros2_cv/install/ros2_cv_pkg/lib/ros2_cv_pkg/cv_subscription
[2.217s] -- Installing: /home/johan/ros2_cv/install/ros2_cv_pkg/lib/ros2_cv_pkg/cv_publisher
[2.218s] -- Set runtime path of "/home/johan/ros2_cv/install/ros2_cv_pkg/lib/ros2_cv_pkg/cv_publisher" to ""
[2.218s] -- Up-to-date: /home/johan/ros2_cv/install/ros2_cv_pkg/share/ament_index/resource_index/package_run_dependencies/ros2_cv_pkg
[2.218s] -- Up-to-date: /home/johan/ros2_cv/install/ros2_cv_pkg/share/ament_index/resource_index/parent_prefix_path/ros2_cv_pkg
[2.218s] -- Up-to-date: /home/johan/ros2_cv/install/ros2_cv_pkg/share/ros2_cv_pkg/environment/ament_prefix_path.sh
[2.218s] -- Up-to-date: /home/johan/ros2_cv/install/ros2_cv_pkg/share/ros2_cv_pkg/environment/ament_prefix_path.dsv
[2.218s] -- Up-to-date: /home/johan/ros2_cv/install/ros2_cv_pkg/share/ros2_cv_pkg/environment/path.sh
[2.218s] -- Up-to-date: /home/johan/ros2_cv/install/ros2_cv_pkg/share/ros2_cv_pkg/environment/path.dsv
[2.218s] -- Up-to-date: /home/johan/ros2_cv/install/ros2_cv_pkg/share/ros2_cv_pkg/local_setup.bash
[2.218s] -- Up-to-date: /home/johan/ros2_cv/install/ros2_cv_pkg/share/ros2_cv_pkg/local_setup.sh
[2.218s] -- Up-to-date: /home/johan/ros2_cv/install/ros2_cv_pkg/share/ros2_cv_pkg/local_setup.zsh
[2.218s] -- Up-to-date: /home/johan/ros2_cv/install/ros2_cv_pkg/share/ros2_cv_pkg/local_setup.dsv
[2.218s] -- Installing: /home/johan/ros2_cv/install/ros2_cv_pkg/share/ros2_cv_pkg/package.dsv
[2.218s] -- Up-to-date: /home/johan/ros2_cv/install/ros2_cv_pkg/share/ament_index/resource_index/packages/ros2_cv_pkg
[2.219s] -- Up-to-date: /home/johan/ros2_cv/install/ros2_cv_pkg/share/ros2_cv_pkg/cmake/ros2_cv_pkgConfig.cmake
[2.219s] -- Up-to-date: /home/johan/ros2_cv/install/ros2_cv_pkg/share/ros2_cv_pkg/cmake/ros2_cv_pkgConfig-version.cmake
[2.219s] -- Up-to-date: /home/johan/ros2_cv/install/ros2_cv_pkg/share/ros2_cv_pkg/package.xml
[2.221s] Invoked command in '/home/johan/ros2_cv/build/ros2_cv_pkg' returned '0': CMAKE_PREFIX_PATH=${CMAKE_PREFIX_PATH}:/opt/ros/foxy /usr/bin/cmake --install /home/johan/ros2_cv/build/ros2_cv_pkg
