[0.179s] DEBUG:colcon:Command line arguments: ['/usr/bin/colcon', 'build']
[0.179s] DEBUG:colcon:Parsed command line arguments: Namespace(allow_overriding=[], ament_cmake_args=None, base_paths=['.'], build_base='build', catkin_cmake_args=None, catkin_skip_building_tests=False, cmake_args=None, cmake_clean_cache=False, cmake_clean_first=False, cmake_force_configure=False, cmake_target=None, cmake_target_skip_unavailable=False, continue_on_error=False, event_handlers=None, executor='parallel', ignore_user_meta=False, install_base='install', log_base=None, log_level=None, main=<bound method BuildVerb.main of <colcon_core.verb.build.BuildVerb object at 0x7f2bd2c7ba90>>, merge_install=False, metas=['./colcon.meta'], packages_above=None, packages_above_and_dependencies=None, packages_above_depth=None, packages_end=None, packages_ignore=None, packages_ignore_regex=None, packages_select=None, packages_select_build_failed=False, packages_select_by_dep=None, packages_select_regex=None, packages_select_test_failures=False, packages_skip=None, packages_skip_build_finished=False, packages_skip_by_dep=None, packages_skip_regex=None, packages_skip_test_passed=False, packages_skip_up_to=None, packages_start=None, packages_up_to=None, packages_up_to_regex=None, parallel_workers=16, paths=None, symlink_install=False, test_result_base=None, verb_extension=<colcon_core.verb.build.BuildVerb object at 0x7f2bd2c7ba90>, verb_name='build', verb_parser=<colcon_defaults.argument_parser.defaults.DefaultArgumentsDecorator object at 0x7f2bd2c83040>)
[0.195s] Level 1:colcon.colcon_core.package_discovery:discover_packages(colcon_meta) check parameters
[0.196s] Level 1:colcon.colcon_core.package_discovery:discover_packages(recursive) check parameters
[0.196s] Level 1:colcon.colcon_core.package_discovery:discover_packages(ignore) check parameters
[0.196s] Level 1:colcon.colcon_core.package_discovery:discover_packages(path) check parameters
[0.196s] Level 1:colcon.colcon_core.package_discovery:discover_packages(colcon_meta) discover
[0.196s] Level 1:colcon.colcon_core.package_discovery:discover_packages(recursive) discover
[0.196s] INFO:colcon.colcon_core.package_discovery:Crawling recursively for packages in '/home/johan/ros2_cv'
[0.196s] Level 1:colcon.colcon_core.package_identification:_identify(.) by extensions ['ignore', 'ignore_ament_install']
[0.196s] Level 1:colcon.colcon_core.package_identification:_identify(.) by extension 'ignore'
[0.196s] Level 1:colcon.colcon_core.package_identification:_identify(.) by extension 'ignore_ament_install'
[0.196s] Level 1:colcon.colcon_core.package_identification:_identify(.) by extensions ['colcon_pkg']
[0.196s] Level 1:colcon.colcon_core.package_identification:_identify(.) by extension 'colcon_pkg'
[0.196s] Level 1:colcon.colcon_core.package_identification:_identify(.) by extensions ['colcon_meta']
[0.196s] Level 1:colcon.colcon_core.package_identification:_identify(.) by extension 'colcon_meta'
[0.196s] Level 1:colcon.colcon_core.package_identification:_identify(.) by extensions ['ros']
[0.196s] Level 1:colcon.colcon_core.package_identification:_identify(.) by extension 'ros'
[0.208s] Level 1:colcon.colcon_core.package_identification:_identify(.) by extensions ['cmake', 'python']
[0.208s] Level 1:colcon.colcon_core.package_identification:_identify(.) by extension 'cmake'
[0.208s] Level 1:colcon.colcon_core.package_identification:_identify(.) by extension 'python'
[0.208s] Level 1:colcon.colcon_core.package_identification:_identify(.) by extensions ['python_setup_py']
[0.208s] Level 1:colcon.colcon_core.package_identification:_identify(.) by extension 'python_setup_py'
[0.208s] Level 1:colcon.colcon_core.package_identification:_identify(build) by extensions ['ignore', 'ignore_ament_install']
[0.208s] Level 1:colcon.colcon_core.package_identification:_identify(build) by extension 'ignore'
[0.208s] Level 1:colcon.colcon_core.package_identification:_identify(build) ignored
[0.208s] Level 1:colcon.colcon_core.package_identification:_identify(install) by extensions ['ignore', 'ignore_ament_install']
[0.208s] Level 1:colcon.colcon_core.package_identification:_identify(install) by extension 'ignore'
[0.208s] Level 1:colcon.colcon_core.package_identification:_identify(install) ignored
[0.208s] Level 1:colcon.colcon_core.package_identification:_identify(log) by extensions ['ignore', 'ignore_ament_install']
[0.208s] Level 1:colcon.colcon_core.package_identification:_identify(log) by extension 'ignore'
[0.208s] Level 1:colcon.colcon_core.package_identification:_identify(log) ignored
[0.208s] Level 1:colcon.colcon_core.package_identification:_identify(src) by extensions ['ignore', 'ignore_ament_install']
[0.208s] Level 1:colcon.colcon_core.package_identification:_identify(src) by extension 'ignore'
[0.208s] Level 1:colcon.colcon_core.package_identification:_identify(src) by extension 'ignore_ament_install'
[0.208s] Level 1:colcon.colcon_core.package_identification:_identify(src) by extensions ['colcon_pkg']
[0.208s] Level 1:colcon.colcon_core.package_identification:_identify(src) by extension 'colcon_pkg'
[0.208s] Level 1:colcon.colcon_core.package_identification:_identify(src) by extensions ['colcon_meta']
[0.208s] Level 1:colcon.colcon_core.package_identification:_identify(src) by extension 'colcon_meta'
[0.208s] Level 1:colcon.colcon_core.package_identification:_identify(src) by extensions ['ros']
[0.209s] Level 1:colcon.colcon_core.package_identification:_identify(src) by extension 'ros'
[0.209s] Level 1:colcon.colcon_core.package_identification:_identify(src) by extensions ['cmake', 'python']
[0.209s] Level 1:colcon.colcon_core.package_identification:_identify(src) by extension 'cmake'
[0.209s] Level 1:colcon.colcon_core.package_identification:_identify(src) by extension 'python'
[0.209s] Level 1:colcon.colcon_core.package_identification:_identify(src) by extensions ['python_setup_py']
[0.209s] Level 1:colcon.colcon_core.package_identification:_identify(src) by extension 'python_setup_py'
[0.209s] Level 1:colcon.colcon_core.package_identification:_identify(src/ros2_cv_pkg) by extensions ['ignore', 'ignore_ament_install']
[0.209s] Level 1:colcon.colcon_core.package_identification:_identify(src/ros2_cv_pkg) by extension 'ignore'
[0.209s] Level 1:colcon.colcon_core.package_identification:_identify(src/ros2_cv_pkg) by extension 'ignore_ament_install'
[0.209s] Level 1:colcon.colcon_core.package_identification:_identify(src/ros2_cv_pkg) by extensions ['colcon_pkg']
[0.209s] Level 1:colcon.colcon_core.package_identification:_identify(src/ros2_cv_pkg) by extension 'colcon_pkg'
[0.209s] Level 1:colcon.colcon_core.package_identification:_identify(src/ros2_cv_pkg) by extensions ['colcon_meta']
[0.209s] Level 1:colcon.colcon_core.package_identification:_identify(src/ros2_cv_pkg) by extension 'colcon_meta'
[0.209s] Level 1:colcon.colcon_core.package_identification:_identify(src/ros2_cv_pkg) by extensions ['ros']
[0.209s] Level 1:colcon.colcon_core.package_identification:_identify(src/ros2_cv_pkg) by extension 'ros'
[0.211s] DEBUG:colcon.colcon_core.package_identification:Package 'src/ros2_cv_pkg' with type 'ros.ament_cmake' and name 'ros2_cv_pkg'
[0.211s] Level 1:colcon.colcon_core.package_discovery:discover_packages(recursive) using defaults
[0.211s] Level 1:colcon.colcon_core.package_discovery:discover_packages(ignore) discover
[0.211s] Level 1:colcon.colcon_core.package_discovery:discover_packages(ignore) using defaults
[0.211s] Level 1:colcon.colcon_core.package_discovery:discover_packages(path) discover
[0.211s] Level 1:colcon.colcon_core.package_discovery:discover_packages(path) using defaults
[0.223s] Level 1:colcon.colcon_core.package_discovery:discover_packages(prefix_path) check parameters
[0.223s] Level 1:colcon.colcon_core.package_discovery:discover_packages(prefix_path) discover
[0.226s] DEBUG:colcon.colcon_installed_package_information.package_discovery:Found 374 installed packages in /opt/ros/foxy
[0.227s] Level 1:colcon.colcon_core.package_discovery:discover_packages(prefix_path) using defaults
[0.272s] Level 5:colcon.colcon_core.verb:set package 'ros2_cv_pkg' build argument 'cmake_args' from command line to 'None'
[0.272s] Level 5:colcon.colcon_core.verb:set package 'ros2_cv_pkg' build argument 'cmake_target' from command line to 'None'
[0.272s] Level 5:colcon.colcon_core.verb:set package 'ros2_cv_pkg' build argument 'cmake_target_skip_unavailable' from command line to 'False'
[0.272s] Level 5:colcon.colcon_core.verb:set package 'ros2_cv_pkg' build argument 'cmake_clean_cache' from command line to 'False'
[0.272s] Level 5:colcon.colcon_core.verb:set package 'ros2_cv_pkg' build argument 'cmake_clean_first' from command line to 'False'
[0.272s] Level 5:colcon.colcon_core.verb:set package 'ros2_cv_pkg' build argument 'cmake_force_configure' from command line to 'False'
[0.272s] Level 5:colcon.colcon_core.verb:set package 'ros2_cv_pkg' build argument 'ament_cmake_args' from command line to 'None'
[0.272s] Level 5:colcon.colcon_core.verb:set package 'ros2_cv_pkg' build argument 'catkin_cmake_args' from command line to 'None'
[0.272s] Level 5:colcon.colcon_core.verb:set package 'ros2_cv_pkg' build argument 'catkin_skip_building_tests' from command line to 'False'
[0.272s] DEBUG:colcon.colcon_core.verb:Building package 'ros2_cv_pkg' with the following arguments: {'ament_cmake_args': None, 'build_base': '/home/johan/ros2_cv/build/ros2_cv_pkg', 'catkin_cmake_args': None, 'catkin_skip_building_tests': False, 'cmake_args': None, 'cmake_clean_cache': False, 'cmake_clean_first': False, 'cmake_force_configure': False, 'cmake_target': None, 'cmake_target_skip_unavailable': False, 'install_base': '/home/johan/ros2_cv/install/ros2_cv_pkg', 'merge_install': False, 'path': '/home/johan/ros2_cv/src/ros2_cv_pkg', 'symlink_install': False, 'test_result_base': None}
[0.272s] INFO:colcon.colcon_core.executor:Executing jobs using 'parallel' executor
[0.274s] DEBUG:colcon.colcon_parallel_executor.executor.parallel:run_until_complete
[0.274s] INFO:colcon.colcon_ros.task.ament_cmake.build:Building ROS package in '/home/johan/ros2_cv/src/ros2_cv_pkg' with build type 'ament_cmake'
[0.275s] INFO:colcon.colcon_cmake.task.cmake.build:Building CMake package in '/home/johan/ros2_cv/src/ros2_cv_pkg'
[0.277s] INFO:colcon.colcon_core.plugin_system:Skipping extension 'colcon_core.shell.bat': Not used on non-Windows systems
[0.277s] INFO:colcon.colcon_core.shell:Skip shell extension 'powershell' for command environment: Not usable outside of PowerShell
[0.277s] DEBUG:colcon.colcon_core.shell:Skip shell extension 'dsv' for command environment
[0.285s] DEBUG:colcon.colcon_core.event_handler.log_command:Invoking command in '/home/johan/ros2_cv/build/ros2_cv_pkg': CMAKE_PREFIX_PATH=/opt/ros/foxy /usr/bin/cmake --build /home/johan/ros2_cv/build/ros2_cv_pkg -- -j16 -l16
[3.053s] DEBUG:colcon.colcon_core.event_handler.log_command:Invoked command in '/home/johan/ros2_cv/build/ros2_cv_pkg' returned '0': CMAKE_PREFIX_PATH=/opt/ros/foxy /usr/bin/cmake --build /home/johan/ros2_cv/build/ros2_cv_pkg -- -j16 -l16
[3.087s] DEBUG:colcon.colcon_core.event_handler.log_command:Invoking command in '/home/johan/ros2_cv/build/ros2_cv_pkg': CMAKE_PREFIX_PATH=/opt/ros/foxy /usr/bin/cmake --install /home/johan/ros2_cv/build/ros2_cv_pkg
[3.100s] Level 1:colcon.colcon_core.environment:create_environment_scripts_only(ros2_cv_pkg)
[3.101s] DEBUG:colcon.colcon_core.event_handler.log_command:Invoked command in '/home/johan/ros2_cv/build/ros2_cv_pkg' returned '0': CMAKE_PREFIX_PATH=/opt/ros/foxy /usr/bin/cmake --install /home/johan/ros2_cv/build/ros2_cv_pkg
[3.105s] Level 1:colcon.colcon_core.environment:checking '/home/johan/ros2_cv/install/ros2_cv_pkg' for CMake module files
[3.106s] Level 1:colcon.colcon_core.environment:checking '/home/johan/ros2_cv/install/ros2_cv_pkg' for CMake config files
[3.106s] Level 1:colcon.colcon_core.shell:create_environment_hook('ros2_cv_pkg', 'cmake_prefix_path')
[3.107s] INFO:colcon.colcon_core.shell:Creating environment hook '/home/johan/ros2_cv/install/ros2_cv_pkg/share/ros2_cv_pkg/hook/cmake_prefix_path.ps1'
[3.108s] INFO:colcon.colcon_core.shell:Creating environment descriptor '/home/johan/ros2_cv/install/ros2_cv_pkg/share/ros2_cv_pkg/hook/cmake_prefix_path.dsv'
[3.109s] INFO:colcon.colcon_core.shell:Creating environment hook '/home/johan/ros2_cv/install/ros2_cv_pkg/share/ros2_cv_pkg/hook/cmake_prefix_path.sh'
[3.110s] Level 1:colcon.colcon_core.environment:checking '/home/johan/ros2_cv/install/ros2_cv_pkg/lib'
[3.110s] Level 1:colcon.colcon_core.environment:checking '/home/johan/ros2_cv/install/ros2_cv_pkg/bin'
[3.110s] Level 1:colcon.colcon_core.environment:checking '/home/johan/ros2_cv/install/ros2_cv_pkg/lib/pkgconfig/ros2_cv_pkg.pc'
[3.110s] Level 1:colcon.colcon_core.environment:checking '/home/johan/ros2_cv/install/ros2_cv_pkg/lib/python3.8/site-packages'
[3.111s] Level 1:colcon.colcon_core.environment:checking '/home/johan/ros2_cv/install/ros2_cv_pkg/bin'
[3.112s] INFO:colcon.colcon_core.shell:Creating package script '/home/johan/ros2_cv/install/ros2_cv_pkg/share/ros2_cv_pkg/package.ps1'
[3.113s] INFO:colcon.colcon_core.shell:Creating package descriptor '/home/johan/ros2_cv/install/ros2_cv_pkg/share/ros2_cv_pkg/package.dsv'
[3.113s] INFO:colcon.colcon_core.shell:Creating package script '/home/johan/ros2_cv/install/ros2_cv_pkg/share/ros2_cv_pkg/package.sh'
[3.114s] INFO:colcon.colcon_core.shell:Creating package script '/home/johan/ros2_cv/install/ros2_cv_pkg/share/ros2_cv_pkg/package.bash'
[3.114s] INFO:colcon.colcon_core.shell:Creating package script '/home/johan/ros2_cv/install/ros2_cv_pkg/share/ros2_cv_pkg/package.zsh'
[3.115s] Level 1:colcon.colcon_core.environment:create_file_with_runtime_dependencies(/home/johan/ros2_cv/install/ros2_cv_pkg/share/colcon-core/packages/ros2_cv_pkg)
[3.142s] Level 1:colcon.colcon_core.environment:create_environment_scripts_only(ros2_cv_pkg)
[3.144s] Level 1:colcon.colcon_core.environment:checking '/home/johan/ros2_cv/install/ros2_cv_pkg' for CMake module files
[3.145s] Level 1:colcon.colcon_core.environment:checking '/home/johan/ros2_cv/install/ros2_cv_pkg' for CMake config files
[3.145s] Level 1:colcon.colcon_core.shell:create_environment_hook('ros2_cv_pkg', 'cmake_prefix_path')
[3.147s] INFO:colcon.colcon_core.shell:Creating environment hook '/home/johan/ros2_cv/install/ros2_cv_pkg/share/ros2_cv_pkg/hook/cmake_prefix_path.ps1'
[3.148s] INFO:colcon.colcon_core.shell:Creating environment descriptor '/home/johan/ros2_cv/install/ros2_cv_pkg/share/ros2_cv_pkg/hook/cmake_prefix_path.dsv'
[3.149s] INFO:colcon.colcon_core.shell:Creating environment hook '/home/johan/ros2_cv/install/ros2_cv_pkg/share/ros2_cv_pkg/hook/cmake_prefix_path.sh'
[3.149s] Level 1:colcon.colcon_core.environment:checking '/home/johan/ros2_cv/install/ros2_cv_pkg/lib'
[3.149s] Level 1:colcon.colcon_core.environment:checking '/home/johan/ros2_cv/install/ros2_cv_pkg/bin'
[3.149s] Level 1:colcon.colcon_core.environment:checking '/home/johan/ros2_cv/install/ros2_cv_pkg/lib/pkgconfig/ros2_cv_pkg.pc'
[3.150s] Level 1:colcon.colcon_core.environment:checking '/home/johan/ros2_cv/install/ros2_cv_pkg/lib/python3.8/site-packages'
[3.150s] Level 1:colcon.colcon_core.environment:checking '/home/johan/ros2_cv/install/ros2_cv_pkg/bin'
[3.152s] INFO:colcon.colcon_core.shell:Creating package script '/home/johan/ros2_cv/install/ros2_cv_pkg/share/ros2_cv_pkg/package.ps1'
[3.152s] INFO:colcon.colcon_core.shell:Creating package descriptor '/home/johan/ros2_cv/install/ros2_cv_pkg/share/ros2_cv_pkg/package.dsv'
[3.153s] INFO:colcon.colcon_core.shell:Creating package script '/home/johan/ros2_cv/install/ros2_cv_pkg/share/ros2_cv_pkg/package.sh'
[3.153s] INFO:colcon.colcon_core.shell:Creating package script '/home/johan/ros2_cv/install/ros2_cv_pkg/share/ros2_cv_pkg/package.bash'
[3.154s] INFO:colcon.colcon_core.shell:Creating package script '/home/johan/ros2_cv/install/ros2_cv_pkg/share/ros2_cv_pkg/package.zsh'
[3.154s] Level 1:colcon.colcon_core.environment:create_file_with_runtime_dependencies(/home/johan/ros2_cv/install/ros2_cv_pkg/share/colcon-core/packages/ros2_cv_pkg)
[3.154s] DEBUG:colcon.colcon_parallel_executor.executor.parallel:closing loop
[3.155s] DEBUG:colcon.colcon_parallel_executor.executor.parallel:loop closed
[3.155s] DEBUG:colcon.colcon_parallel_executor.executor.parallel:run_until_complete finished with '0'
[3.155s] DEBUG:colcon.colcon_core.event_reactor:joining thread
[3.161s] INFO:colcon.colcon_core.plugin_system:Skipping extension 'colcon_notification.desktop_notification.terminal_notifier': Not used on non-Darwin systems
[3.161s] INFO:colcon.colcon_core.plugin_system:Skipping extension 'colcon_notification.desktop_notification.win32': Not used on non-Windows systems
[3.161s] INFO:colcon.colcon_notification.desktop_notification:Sending desktop notification using 'notify2'
[3.182s] DEBUG:colcon.colcon_core.event_reactor:joined thread
[3.185s] INFO:colcon.colcon_core.shell:Creating prefix script '/home/johan/ros2_cv/install/local_setup.ps1'
[3.187s] INFO:colcon.colcon_core.shell:Creating prefix util module '/home/johan/ros2_cv/install/_local_setup_util_ps1.py'
[3.188s] INFO:colcon.colcon_core.shell:Creating prefix chain script '/home/johan/ros2_cv/install/setup.ps1'
[3.189s] INFO:colcon.colcon_core.shell:Creating prefix script '/home/johan/ros2_cv/install/local_setup.sh'
[3.190s] INFO:colcon.colcon_core.shell:Creating prefix util module '/home/johan/ros2_cv/install/_local_setup_util_sh.py'
[3.190s] INFO:colcon.colcon_core.shell:Creating prefix chain script '/home/johan/ros2_cv/install/setup.sh'
[3.192s] INFO:colcon.colcon_core.shell:Creating prefix script '/home/johan/ros2_cv/install/local_setup.bash'
[3.194s] INFO:colcon.colcon_core.shell:Creating prefix chain script '/home/johan/ros2_cv/install/setup.bash'
[3.195s] INFO:colcon.colcon_core.shell:Creating prefix script '/home/johan/ros2_cv/install/local_setup.zsh'
[3.195s] INFO:colcon.colcon_core.shell:Creating prefix chain script '/home/johan/ros2_cv/install/setup.zsh'
