[0.178s] DEBUG:colcon:Command line arguments: ['/usr/bin/colcon', 'build']
[0.178s] DEBUG:colcon:Parsed command line arguments: Namespace(allow_overriding=[], ament_cmake_args=None, base_paths=['.'], build_base='build', catkin_cmake_args=None, catkin_skip_building_tests=False, cmake_args=None, cmake_clean_cache=False, cmake_clean_first=False, cmake_force_configure=False, cmake_target=None, cmake_target_skip_unavailable=False, continue_on_error=False, event_handlers=None, executor='parallel', ignore_user_meta=False, install_base='install', log_base=None, log_level=None, main=<bound method BuildVerb.main of <colcon_core.verb.build.BuildVerb object at 0x7f7b2161ac40>>, merge_install=False, metas=['./colcon.meta'], packages_above=None, packages_above_and_dependencies=None, packages_above_depth=None, packages_end=None, packages_ignore=None, packages_ignore_regex=None, packages_select=None, packages_select_build_failed=False, packages_select_by_dep=None, packages_select_regex=None, packages_select_test_failures=False, packages_skip=None, packages_skip_build_finished=False, packages_skip_by_dep=None, packages_skip_regex=None, packages_skip_test_passed=False, packages_skip_up_to=None, packages_start=None, packages_up_to=None, packages_up_to_regex=None, parallel_workers=16, paths=None, symlink_install=False, test_result_base=None, verb_extension=<colcon_core.verb.build.BuildVerb object at 0x7f7b2161ac40>, verb_name='build', verb_parser=<colcon_defaults.argument_parser.defaults.DefaultArgumentsDecorator object at 0x7f7b216211f0>)
[0.198s] Level 1:colcon.colcon_core.package_discovery:discover_packages(colcon_meta) check parameters
[0.198s] Level 1:colcon.colcon_core.package_discovery:discover_packages(recursive) check parameters
[0.198s] Level 1:colcon.colcon_core.package_discovery:discover_packages(ignore) check parameters
[0.198s] Level 1:colcon.colcon_core.package_discovery:discover_packages(path) check parameters
[0.198s] Level 1:colcon.colcon_core.package_discovery:discover_packages(colcon_meta) discover
[0.198s] Level 1:colcon.colcon_core.package_discovery:discover_packages(recursive) discover
[0.198s] INFO:colcon.colcon_core.package_discovery:Crawling recursively for packages in '/home/johan/ros2_cv'
[0.198s] Level 1:colcon.colcon_core.package_identification:_identify(.) by extensions ['ignore', 'ignore_ament_install']
[0.198s] Level 1:colcon.colcon_core.package_identification:_identify(.) by extension 'ignore'
[0.198s] Level 1:colcon.colcon_core.package_identification:_identify(.) by extension 'ignore_ament_install'
[0.198s] Level 1:colcon.colcon_core.package_identification:_identify(.) by extensions ['colcon_pkg']
[0.198s] Level 1:colcon.colcon_core.package_identification:_identify(.) by extension 'colcon_pkg'
[0.198s] Level 1:colcon.colcon_core.package_identification:_identify(.) by extensions ['colcon_meta']
[0.198s] Level 1:colcon.colcon_core.package_identification:_identify(.) by extension 'colcon_meta'
[0.198s] Level 1:colcon.colcon_core.package_identification:_identify(.) by extensions ['ros']
[0.198s] Level 1:colcon.colcon_core.package_identification:_identify(.) by extension 'ros'
[0.211s] Level 1:colcon.colcon_core.package_identification:_identify(.) by extensions ['cmake', 'python']
[0.211s] Level 1:colcon.colcon_core.package_identification:_identify(.) by extension 'cmake'
[0.211s] Level 1:colcon.colcon_core.package_identification:_identify(.) by extension 'python'
[0.211s] Level 1:colcon.colcon_core.package_identification:_identify(.) by extensions ['python_setup_py']
[0.211s] Level 1:colcon.colcon_core.package_identification:_identify(.) by extension 'python_setup_py'
[0.211s] Level 1:colcon.colcon_core.package_identification:_identify(build) by extensions ['ignore', 'ignore_ament_install']
[0.211s] Level 1:colcon.colcon_core.package_identification:_identify(build) by extension 'ignore'
[0.211s] Level 1:colcon.colcon_core.package_identification:_identify(build) ignored
[0.211s] Level 1:colcon.colcon_core.package_identification:_identify(install) by extensions ['ignore', 'ignore_ament_install']
[0.211s] Level 1:colcon.colcon_core.package_identification:_identify(install) by extension 'ignore'
[0.211s] Level 1:colcon.colcon_core.package_identification:_identify(install) ignored
[0.211s] Level 1:colcon.colcon_core.package_identification:_identify(log) by extensions ['ignore', 'ignore_ament_install']
[0.211s] Level 1:colcon.colcon_core.package_identification:_identify(log) by extension 'ignore'
[0.211s] Level 1:colcon.colcon_core.package_identification:_identify(log) ignored
[0.211s] Level 1:colcon.colcon_core.package_identification:_identify(src) by extensions ['ignore', 'ignore_ament_install']
[0.211s] Level 1:colcon.colcon_core.package_identification:_identify(src) by extension 'ignore'
[0.211s] Level 1:colcon.colcon_core.package_identification:_identify(src) by extension 'ignore_ament_install'
[0.211s] Level 1:colcon.colcon_core.package_identification:_identify(src) by extensions ['colcon_pkg']
[0.211s] Level 1:colcon.colcon_core.package_identification:_identify(src) by extension 'colcon_pkg'
[0.211s] Level 1:colcon.colcon_core.package_identification:_identify(src) by extensions ['colcon_meta']
[0.211s] Level 1:colcon.colcon_core.package_identification:_identify(src) by extension 'colcon_meta'
[0.211s] Level 1:colcon.colcon_core.package_identification:_identify(src) by extensions ['ros']
[0.211s] Level 1:colcon.colcon_core.package_identification:_identify(src) by extension 'ros'
[0.211s] Level 1:colcon.colcon_core.package_identification:_identify(src) by extensions ['cmake', 'python']
[0.211s] Level 1:colcon.colcon_core.package_identification:_identify(src) by extension 'cmake'
[0.211s] Level 1:colcon.colcon_core.package_identification:_identify(src) by extension 'python'
[0.212s] Level 1:colcon.colcon_core.package_identification:_identify(src) by extensions ['python_setup_py']
[0.212s] Level 1:colcon.colcon_core.package_identification:_identify(src) by extension 'python_setup_py'
[0.212s] Level 1:colcon.colcon_core.package_identification:_identify(src/ros2_cv_pkg) by extensions ['ignore', 'ignore_ament_install']
[0.212s] Level 1:colcon.colcon_core.package_identification:_identify(src/ros2_cv_pkg) by extension 'ignore'
[0.212s] Level 1:colcon.colcon_core.package_identification:_identify(src/ros2_cv_pkg) by extension 'ignore_ament_install'
[0.212s] Level 1:colcon.colcon_core.package_identification:_identify(src/ros2_cv_pkg) by extensions ['colcon_pkg']
[0.212s] Level 1:colcon.colcon_core.package_identification:_identify(src/ros2_cv_pkg) by extension 'colcon_pkg'
[0.212s] Level 1:colcon.colcon_core.package_identification:_identify(src/ros2_cv_pkg) by extensions ['colcon_meta']
[0.212s] Level 1:colcon.colcon_core.package_identification:_identify(src/ros2_cv_pkg) by extension 'colcon_meta'
[0.212s] Level 1:colcon.colcon_core.package_identification:_identify(src/ros2_cv_pkg) by extensions ['ros']
[0.212s] Level 1:colcon.colcon_core.package_identification:_identify(src/ros2_cv_pkg) by extension 'ros'
[0.214s] DEBUG:colcon.colcon_core.package_identification:Package 'src/ros2_cv_pkg' with type 'ros.ament_cmake' and name 'ros2_cv_pkg'
[0.214s] Level 1:colcon.colcon_core.package_identification:_identify(src/test) by extensions ['ignore', 'ignore_ament_install']
[0.214s] Level 1:colcon.colcon_core.package_identification:_identify(src/test) by extension 'ignore'
[0.214s] Level 1:colcon.colcon_core.package_identification:_identify(src/test) by extension 'ignore_ament_install'
[0.214s] Level 1:colcon.colcon_core.package_identification:_identify(src/test) by extensions ['colcon_pkg']
[0.214s] Level 1:colcon.colcon_core.package_identification:_identify(src/test) by extension 'colcon_pkg'
[0.214s] Level 1:colcon.colcon_core.package_identification:_identify(src/test) by extensions ['colcon_meta']
[0.214s] Level 1:colcon.colcon_core.package_identification:_identify(src/test) by extension 'colcon_meta'
[0.214s] Level 1:colcon.colcon_core.package_identification:_identify(src/test) by extensions ['ros']
[0.214s] Level 1:colcon.colcon_core.package_identification:_identify(src/test) by extension 'ros'
[0.214s] DEBUG:colcon.colcon_core.package_identification:Package 'src/test' with type 'ros.ament_cmake' and name 'test'
[0.215s] Level 1:colcon.colcon_core.package_identification:_identify(src/turtle) by extensions ['ignore', 'ignore_ament_install']
[0.215s] Level 1:colcon.colcon_core.package_identification:_identify(src/turtle) by extension 'ignore'
[0.215s] Level 1:colcon.colcon_core.package_identification:_identify(src/turtle) by extension 'ignore_ament_install'
[0.215s] Level 1:colcon.colcon_core.package_identification:_identify(src/turtle) by extensions ['colcon_pkg']
[0.215s] Level 1:colcon.colcon_core.package_identification:_identify(src/turtle) by extension 'colcon_pkg'
[0.215s] Level 1:colcon.colcon_core.package_identification:_identify(src/turtle) by extensions ['colcon_meta']
[0.215s] Level 1:colcon.colcon_core.package_identification:_identify(src/turtle) by extension 'colcon_meta'
[0.215s] Level 1:colcon.colcon_core.package_identification:_identify(src/turtle) by extensions ['ros']
[0.215s] Level 1:colcon.colcon_core.package_identification:_identify(src/turtle) by extension 'ros'
[0.215s] DEBUG:colcon.colcon_core.package_identification:Package 'src/turtle' with type 'ros.ament_cmake' and name 'turtle'
[0.215s] Level 1:colcon.colcon_core.package_discovery:discover_packages(recursive) using defaults
[0.215s] Level 1:colcon.colcon_core.package_discovery:discover_packages(ignore) discover
[0.215s] Level 1:colcon.colcon_core.package_discovery:discover_packages(ignore) using defaults
[0.215s] Level 1:colcon.colcon_core.package_discovery:discover_packages(path) discover
[0.215s] Level 1:colcon.colcon_core.package_discovery:discover_packages(path) using defaults
[0.228s] Level 1:colcon.colcon_core.package_discovery:discover_packages(prefix_path) check parameters
[0.228s] Level 1:colcon.colcon_core.package_discovery:discover_packages(prefix_path) discover
[0.230s] DEBUG:colcon.colcon_installed_package_information.package_discovery:Found 374 installed packages in /opt/ros/foxy
[0.231s] Level 1:colcon.colcon_core.package_discovery:discover_packages(prefix_path) using defaults
[0.276s] Level 5:colcon.colcon_core.verb:set package 'ros2_cv_pkg' build argument 'cmake_args' from command line to 'None'
[0.276s] Level 5:colcon.colcon_core.verb:set package 'ros2_cv_pkg' build argument 'cmake_target' from command line to 'None'
[0.276s] Level 5:colcon.colcon_core.verb:set package 'ros2_cv_pkg' build argument 'cmake_target_skip_unavailable' from command line to 'False'
[0.276s] Level 5:colcon.colcon_core.verb:set package 'ros2_cv_pkg' build argument 'cmake_clean_cache' from command line to 'False'
[0.276s] Level 5:colcon.colcon_core.verb:set package 'ros2_cv_pkg' build argument 'cmake_clean_first' from command line to 'False'
[0.276s] Level 5:colcon.colcon_core.verb:set package 'ros2_cv_pkg' build argument 'cmake_force_configure' from command line to 'False'
[0.276s] Level 5:colcon.colcon_core.verb:set package 'ros2_cv_pkg' build argument 'ament_cmake_args' from command line to 'None'
[0.276s] Level 5:colcon.colcon_core.verb:set package 'ros2_cv_pkg' build argument 'catkin_cmake_args' from command line to 'None'
[0.276s] Level 5:colcon.colcon_core.verb:set package 'ros2_cv_pkg' build argument 'catkin_skip_building_tests' from command line to 'False'
[0.276s] DEBUG:colcon.colcon_core.verb:Building package 'ros2_cv_pkg' with the following arguments: {'ament_cmake_args': None, 'build_base': '/home/johan/ros2_cv/build/ros2_cv_pkg', 'catkin_cmake_args': None, 'catkin_skip_building_tests': False, 'cmake_args': None, 'cmake_clean_cache': False, 'cmake_clean_first': False, 'cmake_force_configure': False, 'cmake_target': None, 'cmake_target_skip_unavailable': False, 'install_base': '/home/johan/ros2_cv/install/ros2_cv_pkg', 'merge_install': False, 'path': '/home/johan/ros2_cv/src/ros2_cv_pkg', 'symlink_install': False, 'test_result_base': None}
[0.277s] Level 5:colcon.colcon_core.verb:set package 'test' build argument 'cmake_args' from command line to 'None'
[0.277s] Level 5:colcon.colcon_core.verb:set package 'test' build argument 'cmake_target' from command line to 'None'
[0.277s] Level 5:colcon.colcon_core.verb:set package 'test' build argument 'cmake_target_skip_unavailable' from command line to 'False'
[0.277s] Level 5:colcon.colcon_core.verb:set package 'test' build argument 'cmake_clean_cache' from command line to 'False'
[0.277s] Level 5:colcon.colcon_core.verb:set package 'test' build argument 'cmake_clean_first' from command line to 'False'
[0.277s] Level 5:colcon.colcon_core.verb:set package 'test' build argument 'cmake_force_configure' from command line to 'False'
[0.277s] Level 5:colcon.colcon_core.verb:set package 'test' build argument 'ament_cmake_args' from command line to 'None'
[0.277s] Level 5:colcon.colcon_core.verb:set package 'test' build argument 'catkin_cmake_args' from command line to 'None'
[0.277s] Level 5:colcon.colcon_core.verb:set package 'test' build argument 'catkin_skip_building_tests' from command line to 'False'
[0.277s] DEBUG:colcon.colcon_core.verb:Building package 'test' with the following arguments: {'ament_cmake_args': None, 'build_base': '/home/johan/ros2_cv/build/test', 'catkin_cmake_args': None, 'catkin_skip_building_tests': False, 'cmake_args': None, 'cmake_clean_cache': False, 'cmake_clean_first': False, 'cmake_force_configure': False, 'cmake_target': None, 'cmake_target_skip_unavailable': False, 'install_base': '/home/johan/ros2_cv/install/test', 'merge_install': False, 'path': '/home/johan/ros2_cv/src/test', 'symlink_install': False, 'test_result_base': None}
[0.277s] Level 5:colcon.colcon_core.verb:set package 'turtle' build argument 'cmake_args' from command line to 'None'
[0.277s] Level 5:colcon.colcon_core.verb:set package 'turtle' build argument 'cmake_target' from command line to 'None'
[0.277s] Level 5:colcon.colcon_core.verb:set package 'turtle' build argument 'cmake_target_skip_unavailable' from command line to 'False'
[0.277s] Level 5:colcon.colcon_core.verb:set package 'turtle' build argument 'cmake_clean_cache' from command line to 'False'
[0.277s] Level 5:colcon.colcon_core.verb:set package 'turtle' build argument 'cmake_clean_first' from command line to 'False'
[0.277s] Level 5:colcon.colcon_core.verb:set package 'turtle' build argument 'cmake_force_configure' from command line to 'False'
[0.277s] Level 5:colcon.colcon_core.verb:set package 'turtle' build argument 'ament_cmake_args' from command line to 'None'
[0.277s] Level 5:colcon.colcon_core.verb:set package 'turtle' build argument 'catkin_cmake_args' from command line to 'None'
[0.277s] Level 5:colcon.colcon_core.verb:set package 'turtle' build argument 'catkin_skip_building_tests' from command line to 'False'
[0.277s] DEBUG:colcon.colcon_core.verb:Building package 'turtle' with the following arguments: {'ament_cmake_args': None, 'build_base': '/home/johan/ros2_cv/build/turtle', 'catkin_cmake_args': None, 'catkin_skip_building_tests': False, 'cmake_args': None, 'cmake_clean_cache': False, 'cmake_clean_first': False, 'cmake_force_configure': False, 'cmake_target': None, 'cmake_target_skip_unavailable': False, 'install_base': '/home/johan/ros2_cv/install/turtle', 'merge_install': False, 'path': '/home/johan/ros2_cv/src/turtle', 'symlink_install': False, 'test_result_base': None}
[0.278s] INFO:colcon.colcon_core.executor:Executing jobs using 'parallel' executor
[0.280s] DEBUG:colcon.colcon_parallel_executor.executor.parallel:run_until_complete
[0.280s] INFO:colcon.colcon_ros.task.ament_cmake.build:Building ROS package in '/home/johan/ros2_cv/src/ros2_cv_pkg' with build type 'ament_cmake'
[0.280s] INFO:colcon.colcon_cmake.task.cmake.build:Building CMake package in '/home/johan/ros2_cv/src/ros2_cv_pkg'
[0.285s] INFO:colcon.colcon_core.plugin_system:Skipping extension 'colcon_core.shell.bat': Not used on non-Windows systems
[0.285s] INFO:colcon.colcon_core.shell:Skip shell extension 'powershell' for command environment: Not usable outside of PowerShell
[0.285s] DEBUG:colcon.colcon_core.shell:Skip shell extension 'dsv' for command environment
[0.289s] INFO:colcon.colcon_ros.task.ament_cmake.build:Building ROS package in '/home/johan/ros2_cv/src/test' with build type 'ament_cmake'
[0.289s] INFO:colcon.colcon_cmake.task.cmake.build:Building CMake package in '/home/johan/ros2_cv/src/test'
[0.290s] INFO:colcon.colcon_core.shell:Skip shell extension 'powershell' for command environment: Not usable outside of PowerShell
[0.290s] DEBUG:colcon.colcon_core.shell:Skip shell extension 'dsv' for command environment
[0.293s] INFO:colcon.colcon_ros.task.ament_cmake.build:Building ROS package in '/home/johan/ros2_cv/src/turtle' with build type 'ament_cmake'
[0.294s] INFO:colcon.colcon_cmake.task.cmake.build:Building CMake package in '/home/johan/ros2_cv/src/turtle'
[0.295s] INFO:colcon.colcon_core.shell:Skip shell extension 'powershell' for command environment: Not usable outside of PowerShell
[0.295s] DEBUG:colcon.colcon_core.shell:Skip shell extension 'dsv' for command environment
[0.302s] DEBUG:colcon.colcon_core.event_handler.log_command:Invoking command in '/home/johan/ros2_cv/build/ros2_cv_pkg': CMAKE_PREFIX_PATH=/opt/ros/foxy /usr/bin/cmake --build /home/johan/ros2_cv/build/ros2_cv_pkg -- -j16 -l16
[0.305s] DEBUG:colcon.colcon_core.event_handler.log_command:Invoking command in '/home/johan/ros2_cv/build/test': CMAKE_PREFIX_PATH=/opt/ros/foxy /usr/bin/cmake /home/johan/ros2_cv/src/test -DCMAKE_INSTALL_PREFIX=/home/johan/ros2_cv/install/test
[0.311s] DEBUG:colcon.colcon_core.event_handler.log_command:Invoking command in '/home/johan/ros2_cv/build/turtle': CMAKE_PREFIX_PATH=/opt/ros/foxy /usr/bin/cmake --build /home/johan/ros2_cv/build/turtle -- -j16 -l16
[1.567s] DEBUG:colcon.colcon_core.event_handler.log_command:Invoked command in '/home/johan/ros2_cv/build/test' returned '0': CMAKE_PREFIX_PATH=/opt/ros/foxy /usr/bin/cmake /home/johan/ros2_cv/src/test -DCMAKE_INSTALL_PREFIX=/home/johan/ros2_cv/install/test
[1.568s] DEBUG:colcon.colcon_core.event_handler.log_command:Invoking command in '/home/johan/ros2_cv/build/test': CMAKE_PREFIX_PATH=/opt/ros/foxy /usr/bin/cmake --build /home/johan/ros2_cv/build/test -- -j16 -l16
[1.968s] DEBUG:colcon.colcon_core.event_handler.log_command:Invoked command in '/home/johan/ros2_cv/build/test' returned '0': CMAKE_PREFIX_PATH=/opt/ros/foxy /usr/bin/cmake --build /home/johan/ros2_cv/build/test -- -j16 -l16
[1.996s] DEBUG:colcon.colcon_core.event_handler.log_command:Invoking command in '/home/johan/ros2_cv/build/test': CMAKE_PREFIX_PATH=/opt/ros/foxy /usr/bin/cmake --install /home/johan/ros2_cv/build/test
[2.004s] Level 1:colcon.colcon_core.environment:create_environment_scripts_only(test)
[2.007s] DEBUG:colcon.colcon_core.event_handler.log_command:Invoked command in '/home/johan/ros2_cv/build/test' returned '0': CMAKE_PREFIX_PATH=/opt/ros/foxy /usr/bin/cmake --install /home/johan/ros2_cv/build/test
[2.012s] Level 1:colcon.colcon_core.environment:checking '/home/johan/ros2_cv/install/test' for CMake module files
[2.013s] Level 1:colcon.colcon_core.environment:checking '/home/johan/ros2_cv/install/test' for CMake config files
[2.013s] Level 1:colcon.colcon_core.shell:create_environment_hook('test', 'cmake_prefix_path')
[2.015s] INFO:colcon.colcon_core.shell:Creating environment hook '/home/johan/ros2_cv/install/test/share/test/hook/cmake_prefix_path.ps1'
[2.016s] INFO:colcon.colcon_core.shell:Creating environment descriptor '/home/johan/ros2_cv/install/test/share/test/hook/cmake_prefix_path.dsv'
[2.016s] INFO:colcon.colcon_core.shell:Creating environment hook '/home/johan/ros2_cv/install/test/share/test/hook/cmake_prefix_path.sh'
[2.017s] Level 1:colcon.colcon_core.environment:checking '/home/johan/ros2_cv/install/test/lib'
[2.017s] Level 1:colcon.colcon_core.environment:checking '/home/johan/ros2_cv/install/test/bin'
[2.017s] Level 1:colcon.colcon_core.environment:checking '/home/johan/ros2_cv/install/test/lib/pkgconfig/test.pc'
[2.018s] Level 1:colcon.colcon_core.environment:checking '/home/johan/ros2_cv/install/test/lib/python3.8/site-packages'
[2.018s] Level 1:colcon.colcon_core.environment:checking '/home/johan/ros2_cv/install/test/bin'
[2.020s] INFO:colcon.colcon_core.shell:Creating package script '/home/johan/ros2_cv/install/test/share/test/package.ps1'
[2.020s] INFO:colcon.colcon_core.shell:Creating package descriptor '/home/johan/ros2_cv/install/test/share/test/package.dsv'
[2.021s] INFO:colcon.colcon_core.shell:Creating package script '/home/johan/ros2_cv/install/test/share/test/package.sh'
[2.021s] INFO:colcon.colcon_core.shell:Creating package script '/home/johan/ros2_cv/install/test/share/test/package.bash'
[2.021s] INFO:colcon.colcon_core.shell:Creating package script '/home/johan/ros2_cv/install/test/share/test/package.zsh'
[2.022s] Level 1:colcon.colcon_core.environment:create_file_with_runtime_dependencies(/home/johan/ros2_cv/install/test/share/colcon-core/packages/test)
[2.041s] Level 1:colcon.colcon_core.environment:create_environment_scripts_only(test)
[2.043s] Level 1:colcon.colcon_core.environment:checking '/home/johan/ros2_cv/install/test' for CMake module files
[2.044s] Level 1:colcon.colcon_core.environment:checking '/home/johan/ros2_cv/install/test' for CMake config files
[2.044s] Level 1:colcon.colcon_core.shell:create_environment_hook('test', 'cmake_prefix_path')
[2.045s] INFO:colcon.colcon_core.shell:Creating environment hook '/home/johan/ros2_cv/install/test/share/test/hook/cmake_prefix_path.ps1'
[2.045s] INFO:colcon.colcon_core.shell:Creating environment descriptor '/home/johan/ros2_cv/install/test/share/test/hook/cmake_prefix_path.dsv'
[2.046s] INFO:colcon.colcon_core.shell:Creating environment hook '/home/johan/ros2_cv/install/test/share/test/hook/cmake_prefix_path.sh'
[2.046s] Level 1:colcon.colcon_core.environment:checking '/home/johan/ros2_cv/install/test/lib'
[2.046s] Level 1:colcon.colcon_core.environment:checking '/home/johan/ros2_cv/install/test/bin'
[2.046s] Level 1:colcon.colcon_core.environment:checking '/home/johan/ros2_cv/install/test/lib/pkgconfig/test.pc'
[2.046s] Level 1:colcon.colcon_core.environment:checking '/home/johan/ros2_cv/install/test/lib/python3.8/site-packages'
[2.046s] Level 1:colcon.colcon_core.environment:checking '/home/johan/ros2_cv/install/test/bin'
[2.047s] INFO:colcon.colcon_core.shell:Creating package script '/home/johan/ros2_cv/install/test/share/test/package.ps1'
[2.047s] INFO:colcon.colcon_core.shell:Creating package descriptor '/home/johan/ros2_cv/install/test/share/test/package.dsv'
[2.048s] INFO:colcon.colcon_core.shell:Creating package script '/home/johan/ros2_cv/install/test/share/test/package.sh'
[2.048s] INFO:colcon.colcon_core.shell:Creating package script '/home/johan/ros2_cv/install/test/share/test/package.bash'
[2.048s] INFO:colcon.colcon_core.shell:Creating package script '/home/johan/ros2_cv/install/test/share/test/package.zsh'
[2.048s] Level 1:colcon.colcon_core.environment:create_file_with_runtime_dependencies(/home/johan/ros2_cv/install/test/share/colcon-core/packages/test)
[2.240s] DEBUG:colcon.colcon_core.event_handler.log_command:Invoked command in '/home/johan/ros2_cv/build/turtle' returned '0': CMAKE_PREFIX_PATH=/opt/ros/foxy /usr/bin/cmake --build /home/johan/ros2_cv/build/turtle -- -j16 -l16
[2.260s] DEBUG:colcon.colcon_core.event_handler.log_command:Invoking command in '/home/johan/ros2_cv/build/turtle': CMAKE_PREFIX_PATH=/opt/ros/foxy /usr/bin/cmake --install /home/johan/ros2_cv/build/turtle
[2.271s] Level 1:colcon.colcon_core.environment:create_environment_scripts_only(turtle)
[2.272s] Level 1:colcon.colcon_core.environment:checking '/home/johan/ros2_cv/install/turtle' for CMake module files
[2.273s] DEBUG:colcon.colcon_core.event_handler.log_command:Invoked command in '/home/johan/ros2_cv/build/turtle' returned '0': CMAKE_PREFIX_PATH=/opt/ros/foxy /usr/bin/cmake --install /home/johan/ros2_cv/build/turtle
[2.273s] Level 1:colcon.colcon_core.environment:checking '/home/johan/ros2_cv/install/turtle' for CMake config files
[2.273s] Level 1:colcon.colcon_core.shell:create_environment_hook('turtle', 'cmake_prefix_path')
[2.274s] INFO:colcon.colcon_core.shell:Creating environment hook '/home/johan/ros2_cv/install/turtle/share/turtle/hook/cmake_prefix_path.ps1'
[2.274s] INFO:colcon.colcon_core.shell:Creating environment descriptor '/home/johan/ros2_cv/install/turtle/share/turtle/hook/cmake_prefix_path.dsv'
[2.274s] INFO:colcon.colcon_core.shell:Creating environment hook '/home/johan/ros2_cv/install/turtle/share/turtle/hook/cmake_prefix_path.sh'
[2.275s] Level 1:colcon.colcon_core.environment:checking '/home/johan/ros2_cv/install/turtle/lib'
[2.275s] Level 1:colcon.colcon_core.environment:checking '/home/johan/ros2_cv/install/turtle/bin'
[2.275s] Level 1:colcon.colcon_core.environment:checking '/home/johan/ros2_cv/install/turtle/lib/pkgconfig/turtle.pc'
[2.275s] Level 1:colcon.colcon_core.environment:checking '/home/johan/ros2_cv/install/turtle/lib/python3.8/site-packages'
[2.275s] Level 1:colcon.colcon_core.environment:checking '/home/johan/ros2_cv/install/turtle/bin'
[2.276s] INFO:colcon.colcon_core.shell:Creating package script '/home/johan/ros2_cv/install/turtle/share/turtle/package.ps1'
[2.276s] INFO:colcon.colcon_core.shell:Creating package descriptor '/home/johan/ros2_cv/install/turtle/share/turtle/package.dsv'
[2.276s] INFO:colcon.colcon_core.shell:Creating package script '/home/johan/ros2_cv/install/turtle/share/turtle/package.sh'
[2.277s] INFO:colcon.colcon_core.shell:Creating package script '/home/johan/ros2_cv/install/turtle/share/turtle/package.bash'
[2.277s] INFO:colcon.colcon_core.shell:Creating package script '/home/johan/ros2_cv/install/turtle/share/turtle/package.zsh'
[2.277s] Level 1:colcon.colcon_core.environment:create_file_with_runtime_dependencies(/home/johan/ros2_cv/install/turtle/share/colcon-core/packages/turtle)
[2.296s] Level 1:colcon.colcon_core.environment:create_environment_scripts_only(turtle)
[2.297s] Level 1:colcon.colcon_core.environment:checking '/home/johan/ros2_cv/install/turtle' for CMake module files
[2.297s] Level 1:colcon.colcon_core.environment:checking '/home/johan/ros2_cv/install/turtle' for CMake config files
[2.297s] Level 1:colcon.colcon_core.shell:create_environment_hook('turtle', 'cmake_prefix_path')
[2.298s] INFO:colcon.colcon_core.shell:Creating environment hook '/home/johan/ros2_cv/install/turtle/share/turtle/hook/cmake_prefix_path.ps1'
[2.299s] INFO:colcon.colcon_core.shell:Creating environment descriptor '/home/johan/ros2_cv/install/turtle/share/turtle/hook/cmake_prefix_path.dsv'
[2.299s] INFO:colcon.colcon_core.shell:Creating environment hook '/home/johan/ros2_cv/install/turtle/share/turtle/hook/cmake_prefix_path.sh'
[2.299s] Level 1:colcon.colcon_core.environment:checking '/home/johan/ros2_cv/install/turtle/lib'
[2.299s] Level 1:colcon.colcon_core.environment:checking '/home/johan/ros2_cv/install/turtle/bin'
[2.299s] Level 1:colcon.colcon_core.environment:checking '/home/johan/ros2_cv/install/turtle/lib/pkgconfig/turtle.pc'
[2.299s] Level 1:colcon.colcon_core.environment:checking '/home/johan/ros2_cv/install/turtle/lib/python3.8/site-packages'
[2.299s] Level 1:colcon.colcon_core.environment:checking '/home/johan/ros2_cv/install/turtle/bin'
[2.300s] INFO:colcon.colcon_core.shell:Creating package script '/home/johan/ros2_cv/install/turtle/share/turtle/package.ps1'
[2.300s] INFO:colcon.colcon_core.shell:Creating package descriptor '/home/johan/ros2_cv/install/turtle/share/turtle/package.dsv'
[2.301s] INFO:colcon.colcon_core.shell:Creating package script '/home/johan/ros2_cv/install/turtle/share/turtle/package.sh'
[2.301s] INFO:colcon.colcon_core.shell:Creating package script '/home/johan/ros2_cv/install/turtle/share/turtle/package.bash'
[2.301s] INFO:colcon.colcon_core.shell:Creating package script '/home/johan/ros2_cv/install/turtle/share/turtle/package.zsh'
[2.301s] Level 1:colcon.colcon_core.environment:create_file_with_runtime_dependencies(/home/johan/ros2_cv/install/turtle/share/colcon-core/packages/turtle)
[4.940s] DEBUG:colcon.colcon_core.event_handler.log_command:Invoked command in '/home/johan/ros2_cv/build/ros2_cv_pkg' returned '0': CMAKE_PREFIX_PATH=/opt/ros/foxy /usr/bin/cmake --build /home/johan/ros2_cv/build/ros2_cv_pkg -- -j16 -l16
[4.964s] DEBUG:colcon.colcon_core.event_handler.log_command:Invoking command in '/home/johan/ros2_cv/build/ros2_cv_pkg': CMAKE_PREFIX_PATH=/opt/ros/foxy /usr/bin/cmake --install /home/johan/ros2_cv/build/ros2_cv_pkg
[4.977s] Level 1:colcon.colcon_core.environment:create_environment_scripts_only(ros2_cv_pkg)
[4.980s] Level 1:colcon.colcon_core.environment:checking '/home/johan/ros2_cv/install/ros2_cv_pkg' for CMake module files
[4.980s] DEBUG:colcon.colcon_core.event_handler.log_command:Invoked command in '/home/johan/ros2_cv/build/ros2_cv_pkg' returned '0': CMAKE_PREFIX_PATH=/opt/ros/foxy /usr/bin/cmake --install /home/johan/ros2_cv/build/ros2_cv_pkg
[4.980s] Level 1:colcon.colcon_core.environment:checking '/home/johan/ros2_cv/install/ros2_cv_pkg' for CMake config files
[4.981s] Level 1:colcon.colcon_core.shell:create_environment_hook('ros2_cv_pkg', 'cmake_prefix_path')
[4.981s] INFO:colcon.colcon_core.shell:Creating environment hook '/home/johan/ros2_cv/install/ros2_cv_pkg/share/ros2_cv_pkg/hook/cmake_prefix_path.ps1'
[4.982s] INFO:colcon.colcon_core.shell:Creating environment descriptor '/home/johan/ros2_cv/install/ros2_cv_pkg/share/ros2_cv_pkg/hook/cmake_prefix_path.dsv'
[4.982s] INFO:colcon.colcon_core.shell:Creating environment hook '/home/johan/ros2_cv/install/ros2_cv_pkg/share/ros2_cv_pkg/hook/cmake_prefix_path.sh'
[4.982s] Level 1:colcon.colcon_core.environment:checking '/home/johan/ros2_cv/install/ros2_cv_pkg/lib'
[4.982s] Level 1:colcon.colcon_core.environment:checking '/home/johan/ros2_cv/install/ros2_cv_pkg/bin'
[4.982s] Level 1:colcon.colcon_core.environment:checking '/home/johan/ros2_cv/install/ros2_cv_pkg/lib/pkgconfig/ros2_cv_pkg.pc'
[4.982s] Level 1:colcon.colcon_core.environment:checking '/home/johan/ros2_cv/install/ros2_cv_pkg/lib/python3.8/site-packages'
[4.983s] Level 1:colcon.colcon_core.environment:checking '/home/johan/ros2_cv/install/ros2_cv_pkg/bin'
[4.983s] INFO:colcon.colcon_core.shell:Creating package script '/home/johan/ros2_cv/install/ros2_cv_pkg/share/ros2_cv_pkg/package.ps1'
[4.984s] INFO:colcon.colcon_core.shell:Creating package descriptor '/home/johan/ros2_cv/install/ros2_cv_pkg/share/ros2_cv_pkg/package.dsv'
[4.984s] INFO:colcon.colcon_core.shell:Creating package script '/home/johan/ros2_cv/install/ros2_cv_pkg/share/ros2_cv_pkg/package.sh'
[4.984s] INFO:colcon.colcon_core.shell:Creating package script '/home/johan/ros2_cv/install/ros2_cv_pkg/share/ros2_cv_pkg/package.bash'
[4.984s] INFO:colcon.colcon_core.shell:Creating package script '/home/johan/ros2_cv/install/ros2_cv_pkg/share/ros2_cv_pkg/package.zsh'
[4.984s] Level 1:colcon.colcon_core.environment:create_file_with_runtime_dependencies(/home/johan/ros2_cv/install/ros2_cv_pkg/share/colcon-core/packages/ros2_cv_pkg)
[5.005s] Level 1:colcon.colcon_core.environment:create_environment_scripts_only(ros2_cv_pkg)
[5.006s] Level 1:colcon.colcon_core.environment:checking '/home/johan/ros2_cv/install/ros2_cv_pkg' for CMake module files
[5.006s] Level 1:colcon.colcon_core.environment:checking '/home/johan/ros2_cv/install/ros2_cv_pkg' for CMake config files
[5.006s] Level 1:colcon.colcon_core.shell:create_environment_hook('ros2_cv_pkg', 'cmake_prefix_path')
[5.007s] INFO:colcon.colcon_core.shell:Creating environment hook '/home/johan/ros2_cv/install/ros2_cv_pkg/share/ros2_cv_pkg/hook/cmake_prefix_path.ps1'
[5.008s] INFO:colcon.colcon_core.shell:Creating environment descriptor '/home/johan/ros2_cv/install/ros2_cv_pkg/share/ros2_cv_pkg/hook/cmake_prefix_path.dsv'
[5.008s] INFO:colcon.colcon_core.shell:Creating environment hook '/home/johan/ros2_cv/install/ros2_cv_pkg/share/ros2_cv_pkg/hook/cmake_prefix_path.sh'
[5.008s] Level 1:colcon.colcon_core.environment:checking '/home/johan/ros2_cv/install/ros2_cv_pkg/lib'
[5.008s] Level 1:colcon.colcon_core.environment:checking '/home/johan/ros2_cv/install/ros2_cv_pkg/bin'
[5.008s] Level 1:colcon.colcon_core.environment:checking '/home/johan/ros2_cv/install/ros2_cv_pkg/lib/pkgconfig/ros2_cv_pkg.pc'
[5.008s] Level 1:colcon.colcon_core.environment:checking '/home/johan/ros2_cv/install/ros2_cv_pkg/lib/python3.8/site-packages'
[5.009s] Level 1:colcon.colcon_core.environment:checking '/home/johan/ros2_cv/install/ros2_cv_pkg/bin'
[5.009s] INFO:colcon.colcon_core.shell:Creating package script '/home/johan/ros2_cv/install/ros2_cv_pkg/share/ros2_cv_pkg/package.ps1'
[5.010s] INFO:colcon.colcon_core.shell:Creating package descriptor '/home/johan/ros2_cv/install/ros2_cv_pkg/share/ros2_cv_pkg/package.dsv'
[5.010s] INFO:colcon.colcon_core.shell:Creating package script '/home/johan/ros2_cv/install/ros2_cv_pkg/share/ros2_cv_pkg/package.sh'
[5.010s] INFO:colcon.colcon_core.shell:Creating package script '/home/johan/ros2_cv/install/ros2_cv_pkg/share/ros2_cv_pkg/package.bash'
[5.010s] INFO:colcon.colcon_core.shell:Creating package script '/home/johan/ros2_cv/install/ros2_cv_pkg/share/ros2_cv_pkg/package.zsh'
[5.011s] Level 1:colcon.colcon_core.environment:create_file_with_runtime_dependencies(/home/johan/ros2_cv/install/ros2_cv_pkg/share/colcon-core/packages/ros2_cv_pkg)
[5.011s] DEBUG:colcon.colcon_parallel_executor.executor.parallel:closing loop
[5.011s] DEBUG:colcon.colcon_parallel_executor.executor.parallel:loop closed
[5.011s] DEBUG:colcon.colcon_parallel_executor.executor.parallel:run_until_complete finished with '0'
[5.011s] DEBUG:colcon.colcon_core.event_reactor:joining thread
[5.019s] INFO:colcon.colcon_core.plugin_system:Skipping extension 'colcon_notification.desktop_notification.terminal_notifier': Not used on non-Darwin systems
[5.019s] INFO:colcon.colcon_core.plugin_system:Skipping extension 'colcon_notification.desktop_notification.win32': Not used on non-Windows systems
[5.019s] INFO:colcon.colcon_notification.desktop_notification:Sending desktop notification using 'notify2'
[5.038s] DEBUG:colcon.colcon_core.event_reactor:joined thread
[5.040s] INFO:colcon.colcon_core.shell:Creating prefix script '/home/johan/ros2_cv/install/local_setup.ps1'
[5.041s] INFO:colcon.colcon_core.shell:Creating prefix util module '/home/johan/ros2_cv/install/_local_setup_util_ps1.py'
[5.041s] INFO:colcon.colcon_core.shell:Creating prefix chain script '/home/johan/ros2_cv/install/setup.ps1'
[5.042s] INFO:colcon.colcon_core.shell:Creating prefix script '/home/johan/ros2_cv/install/local_setup.sh'
[5.043s] INFO:colcon.colcon_core.shell:Creating prefix util module '/home/johan/ros2_cv/install/_local_setup_util_sh.py'
[5.043s] INFO:colcon.colcon_core.shell:Creating prefix chain script '/home/johan/ros2_cv/install/setup.sh'
[5.044s] INFO:colcon.colcon_core.shell:Creating prefix script '/home/johan/ros2_cv/install/local_setup.bash'
[5.044s] INFO:colcon.colcon_core.shell:Creating prefix chain script '/home/johan/ros2_cv/install/setup.bash'
[5.046s] INFO:colcon.colcon_core.shell:Creating prefix script '/home/johan/ros2_cv/install/local_setup.zsh'
[5.046s] INFO:colcon.colcon_core.shell:Creating prefix chain script '/home/johan/ros2_cv/install/setup.zsh'
